<?xml version="1.0" encoding="UTF-8" standalone="no"?>
<!DOCTYPE report PUBLIC "-//JACOCO//DTD Report 1.1//EN" "report.dtd"[]>
<report name="Pester (08/21/2021 07:20:05)">
  <sessioninfo id="this" start="1629530342494" dump="1629530405616" />
  <package name="Module/Private">
    <class name="Module/Private/Set-ConsoleState" sourcefilename="Private/Set-ConsoleState.ps1">
      <method name="Set-ConsoleState" desc="()" line="21">
        <counter type="INSTRUCTION" missed="6" covered="17" />
        <counter type="LINE" missed="4" covered="9" />
        <counter type="METHOD" missed="0" covered="1" />
      </method>
      <counter type="INSTRUCTION" missed="6" covered="17" />
      <counter type="LINE" missed="4" covered="9" />
      <counter type="METHOD" missed="0" covered="1" />
      <counter type="CLASS" missed="0" covered="1" />
    </class>
    <sourcefile name="Private/Set-ConsoleState.ps1">
      <line nr="21" mi="0" ci="3" mb="0" cb="0" />
      <line nr="22" mi="0" ci="2" mb="0" cb="0" />
      <line nr="23" mi="0" ci="2" mb="0" cb="0" />
      <line nr="24" mi="0" ci="2" mb="0" cb="0" />
      <line nr="27" mi="2" ci="0" mb="0" cb="0" />
      <line nr="28" mi="1" ci="0" mb="0" cb="0" />
      <line nr="32" mi="0" ci="4" mb="0" cb="0" />
      <line nr="35" mi="0" ci="1" mb="0" cb="0" />
      <line nr="36" mi="0" ci="1" mb="0" cb="0" />
      <line nr="39" mi="2" ci="0" mb="0" cb="0" />
      <line nr="44" mi="0" ci="1" mb="0" cb="0" />
      <line nr="45" mi="1" ci="0" mb="0" cb="0" />
      <line nr="48" mi="0" ci="1" mb="0" cb="0" />
      <counter type="INSTRUCTION" missed="6" covered="17" />
      <counter type="LINE" missed="4" covered="9" />
      <counter type="METHOD" missed="0" covered="1" />
      <counter type="CLASS" missed="0" covered="1" />
    </sourcefile>
    <counter type="INSTRUCTION" missed="6" covered="17" />
    <counter type="LINE" missed="4" covered="9" />
    <counter type="METHOD" missed="0" covered="1" />
    <counter type="CLASS" missed="0" covered="1" />
  </package>
  <package name="Module/Public">
    <class name="Module/Public/Add-ConsoleIndent" sourcefilename="Public/Add-ConsoleIndent.ps1">
      <method name="Add-ConsoleIndent" desc="()" line="5">
        <counter type="INSTRUCTION" missed="0" covered="3" />
        <counter type="LINE" missed="0" covered="2" />
        <counter type="METHOD" missed="0" covered="1" />
      </method>
      <counter type="INSTRUCTION" missed="0" covered="3" />
      <counter type="LINE" missed="0" covered="2" />
      <counter type="METHOD" missed="0" covered="1" />
      <counter type="CLASS" missed="0" covered="1" />
    </class>
    <class name="Module/Public/Compare-ContentModels" sourcefilename="Public/Compare-ContentModels.ps1">
      <method name="Compare-ContentModels" desc="()" line="59">
        <counter type="INSTRUCTION" missed="25" covered="175" />
        <counter type="LINE" missed="14" covered="110" />
        <counter type="METHOD" missed="0" covered="1" />
      </method>
      <counter type="INSTRUCTION" missed="25" covered="175" />
      <counter type="LINE" missed="14" covered="110" />
      <counter type="METHOD" missed="0" covered="1" />
      <counter type="CLASS" missed="0" covered="1" />
    </class>
    <class name="Module/Public/Confirm-FilesystemHashes" sourcefilename="Public/Confirm-FilesystemHashes.ps1">
      <method name="Confirm-FilesystemHashes" desc="()" line="9">
        <counter type="INSTRUCTION" missed="6" covered="36" />
        <counter type="LINE" missed="1" covered="24" />
        <counter type="METHOD" missed="0" covered="1" />
      </method>
      <counter type="INSTRUCTION" missed="6" covered="36" />
      <counter type="LINE" missed="1" covered="24" />
      <counter type="METHOD" missed="0" covered="1" />
      <counter type="CLASS" missed="0" covered="1" />
    </class>
    <class name="Module/Public/Copy-ContentModel" sourcefilename="Public/Copy-ContentModel.ps1">
      <method name="Copy-ContentModel" desc="()" line="8">
        <counter type="INSTRUCTION" missed="1" covered="29" />
        <counter type="LINE" missed="0" covered="25" />
        <counter type="METHOD" missed="0" covered="1" />
      </method>
      <counter type="INSTRUCTION" missed="1" covered="29" />
      <counter type="LINE" missed="0" covered="25" />
      <counter type="METHOD" missed="0" covered="1" />
      <counter type="CLASS" missed="0" covered="1" />
    </class>
    <class name="Module/Public/Get-AvailableFileMetadataKeys" sourcefilename="Public/Get-AvailableFileMetadataKeys.ps1">
      <method name="Get-AvailableFileMetadataKeys" desc="()" line="24">
        <counter type="INSTRUCTION" missed="5" covered="17" />
        <counter type="LINE" missed="3" covered="15" />
        <counter type="METHOD" missed="0" covered="1" />
      </method>
      <counter type="INSTRUCTION" missed="5" covered="17" />
      <counter type="LINE" missed="3" covered="15" />
      <counter type="METHOD" missed="0" covered="1" />
      <counter type="CLASS" missed="0" covered="1" />
    </class>
    <class name="Module/Public/Get-FileMetadata" sourcefilename="Public/Get-FileMetadata.ps1">
      <method name="Get-FileMetadata" desc="()" line="37">
        <counter type="INSTRUCTION" missed="2" covered="31" />
        <counter type="LINE" missed="2" covered="26" />
        <counter type="METHOD" missed="0" covered="1" />
      </method>
      <counter type="INSTRUCTION" missed="2" covered="31" />
      <counter type="LINE" missed="2" covered="26" />
      <counter type="METHOD" missed="0" covered="1" />
      <counter type="CLASS" missed="0" covered="1" />
    </class>
    <class name="Module/Public/Get-LevenshteinDistance" sourcefilename="Public/Get-LevenshteinDistance.ps1">
      <method name="Get-LevenshteinDistance" desc="()" line="36">
        <counter type="INSTRUCTION" missed="5" covered="36" />
        <counter type="LINE" missed="2" covered="18" />
        <counter type="METHOD" missed="0" covered="1" />
      </method>
      <counter type="INSTRUCTION" missed="5" covered="36" />
      <counter type="LINE" missed="2" covered="18" />
      <counter type="METHOD" missed="0" covered="1" />
      <counter type="CLASS" missed="0" covered="1" />
    </class>
    <class name="Module/Public/Merge-ContentModel" sourcefilename="Public/Merge-ContentModel.ps1">
      <method name="Merge-ContentModel" desc="()" line="13">
        <counter type="INSTRUCTION" missed="4" covered="66" />
        <counter type="LINE" missed="2" covered="57" />
        <counter type="METHOD" missed="0" covered="1" />
      </method>
      <counter type="INSTRUCTION" missed="4" covered="66" />
      <counter type="LINE" missed="2" covered="57" />
      <counter type="METHOD" missed="0" covered="1" />
      <counter type="CLASS" missed="0" covered="1" />
    </class>
    <class name="Module/Public/New-ContentModel" sourcefilename="Public/New-ContentModel.ps1">
      <method name="New-ContentModel" desc="()" line="21">
        <counter type="INSTRUCTION" missed="0" covered="1" />
        <counter type="LINE" missed="0" covered="1" />
        <counter type="METHOD" missed="0" covered="1" />
      </method>
      <counter type="INSTRUCTION" missed="0" covered="1" />
      <counter type="LINE" missed="0" covered="1" />
      <counter type="METHOD" missed="0" covered="1" />
      <counter type="CLASS" missed="0" covered="1" />
    </class>
    <class name="Module/Public/Remove-ConsoleIndent" sourcefilename="Public/Remove-ConsoleIndent.ps1">
      <method name="Remove-ConsoleIndent" desc="()" line="6">
        <counter type="INSTRUCTION" missed="0" covered="1" />
        <counter type="LINE" missed="0" covered="1" />
        <counter type="METHOD" missed="0" covered="1" />
      </method>
      <counter type="INSTRUCTION" missed="0" covered="1" />
      <counter type="LINE" missed="0" covered="1" />
      <counter type="METHOD" missed="0" covered="1" />
      <counter type="CLASS" missed="0" covered="1" />
    </class>
    <class name="Module/Public/Rename-File" sourcefilename="Public/Rename-File.ps1">
      <method name="Rename-File" desc="()" line="12">
        <counter type="INSTRUCTION" missed="3" covered="14" />
        <counter type="LINE" missed="3" covered="11" />
        <counter type="METHOD" missed="0" covered="1" />
      </method>
      <counter type="INSTRUCTION" missed="3" covered="14" />
      <counter type="LINE" missed="3" covered="11" />
      <counter type="METHOD" missed="0" covered="1" />
      <counter type="CLASS" missed="0" covered="1" />
    </class>
    <class name="Module/Public/Reset-ConsoleIndent" sourcefilename="Public/Reset-ConsoleIndent.ps1">
      <method name="Reset-ConsoleIndent" desc="()" line="6">
        <counter type="INSTRUCTION" missed="0" covered="1" />
        <counter type="LINE" missed="0" covered="1" />
        <counter type="METHOD" missed="0" covered="1" />
      </method>
      <counter type="INSTRUCTION" missed="0" covered="1" />
      <counter type="LINE" missed="0" covered="1" />
      <counter type="METHOD" missed="0" covered="1" />
      <counter type="CLASS" missed="0" covered="1" />
    </class>
    <class name="Module/Public/Save-File" sourcefilename="Public/Save-File.ps1">
      <method name="Save-File" desc="()" line="12">
        <counter type="INSTRUCTION" missed="2" covered="5" />
        <counter type="LINE" missed="1" covered="2" />
        <counter type="METHOD" missed="0" covered="1" />
      </method>
      <counter type="INSTRUCTION" missed="2" covered="5" />
      <counter type="LINE" missed="1" covered="2" />
      <counter type="METHOD" missed="0" covered="1" />
      <counter type="CLASS" missed="0" covered="1" />
    </class>
    <class name="Module/Public/Write-ErrorToConsole" sourcefilename="Public/Write-ErrorToConsole.ps1">
      <method name="Write-ErrorToConsole" desc="()" line="15">
        <counter type="INSTRUCTION" missed="0" covered="4" />
        <counter type="LINE" missed="0" covered="3" />
        <counter type="METHOD" missed="0" covered="1" />
      </method>
      <counter type="INSTRUCTION" missed="0" covered="4" />
      <counter type="LINE" missed="0" covered="3" />
      <counter type="METHOD" missed="0" covered="1" />
      <counter type="CLASS" missed="0" covered="1" />
    </class>
    <class name="Module/Public/Write-FormattedTableToConsole" sourcefilename="Public/Write-FormattedTableToConsole.ps1">
      <method name="Write-FormattedTableToConsole" desc="()" line="24">
        <counter type="INSTRUCTION" missed="1" covered="36" />
        <counter type="LINE" missed="1" covered="26" />
        <counter type="METHOD" missed="0" covered="1" />
      </method>
      <counter type="INSTRUCTION" missed="1" covered="36" />
      <counter type="LINE" missed="1" covered="26" />
      <counter type="METHOD" missed="0" covered="1" />
      <counter type="CLASS" missed="0" covered="1" />
    </class>
    <class name="Module/Public/Write-InfoToConsole" sourcefilename="Public/Write-InfoToConsole.ps1">
      <method name="Write-InfoToConsole" desc="()" line="16">
        <counter type="INSTRUCTION" missed="0" covered="4" />
        <counter type="LINE" missed="0" covered="3" />
        <counter type="METHOD" missed="0" covered="1" />
      </method>
      <counter type="INSTRUCTION" missed="0" covered="4" />
      <counter type="LINE" missed="0" covered="3" />
      <counter type="METHOD" missed="0" covered="1" />
      <counter type="CLASS" missed="0" covered="1" />
    </class>
    <class name="Module/Public/Write-SuccessToConsole" sourcefilename="Public/Write-SuccessToConsole.ps1">
      <method name="Write-SuccessToConsole" desc="()" line="15">
        <counter type="INSTRUCTION" missed="0" covered="4" />
        <counter type="LINE" missed="0" covered="3" />
        <counter type="METHOD" missed="0" covered="1" />
      </method>
      <counter type="INSTRUCTION" missed="0" covered="4" />
      <counter type="LINE" missed="0" covered="3" />
      <counter type="METHOD" missed="0" covered="1" />
      <counter type="CLASS" missed="0" covered="1" />
    </class>
    <class name="Module/Public/Write-ToConsole" sourcefilename="Public/Write-ToConsole.ps1">
      <method name="Write-ToConsole" desc="()" line="21">
        <counter type="INSTRUCTION" missed="4" covered="4" />
        <counter type="LINE" missed="3" covered="3" />
        <counter type="METHOD" missed="0" covered="1" />
      </method>
      <counter type="INSTRUCTION" missed="4" covered="4" />
      <counter type="LINE" missed="3" covered="3" />
      <counter type="METHOD" missed="0" covered="1" />
      <counter type="CLASS" missed="0" covered="1" />
    </class>
    <class name="Module/Public/Write-WarnToConsole" sourcefilename="Public/Write-WarnToConsole.ps1">
      <method name="Write-WarnToConsole" desc="()" line="15">
        <counter type="INSTRUCTION" missed="0" covered="4" />
        <counter type="LINE" missed="0" covered="3" />
        <counter type="METHOD" missed="0" covered="1" />
      </method>
      <counter type="INSTRUCTION" missed="0" covered="4" />
      <counter type="LINE" missed="0" covered="3" />
      <counter type="METHOD" missed="0" covered="1" />
      <counter type="CLASS" missed="0" covered="1" />
    </class>
    <sourcefile name="Public/Add-ConsoleIndent.ps1">
      <line nr="5" mi="0" ci="2" mb="0" cb="0" />
      <line nr="6" mi="0" ci="1" mb="0" cb="0" />
      <counter type="INSTRUCTION" missed="0" covered="3" />
      <counter type="LINE" missed="0" covered="2" />
      <counter type="METHOD" missed="0" covered="1" />
      <counter type="CLASS" missed="0" covered="1" />
    </sourcefile>
    <sourcefile name="Public/Compare-ContentModels.ps1">
      <line nr="59" mi="0" ci="1" mb="0" cb="0" />
      <line nr="60" mi="0" ci="1" mb="0" cb="0" />
      <line nr="61" mi="0" ci="1" mb="0" cb="0" />
      <line nr="62" mi="0" ci="1" mb="0" cb="0" />
      <line nr="63" mi="0" ci="1" mb="0" cb="0" />
      <line nr="64" mi="0" ci="1" mb="0" cb="0" />
      <line nr="65" mi="0" ci="1" mb="0" cb="0" />
      <line nr="68" mi="0" ci="1" mb="0" cb="0" />
      <line nr="71" mi="0" ci="2" mb="0" cb="0" />
      <line nr="72" mi="1" ci="0" mb="0" cb="0" />
      <line nr="77" mi="0" ci="2" mb="0" cb="0" />
      <line nr="80" mi="0" ci="4" mb="0" cb="0" />
      <line nr="81" mi="0" ci="2" mb="0" cb="0" />
      <line nr="82" mi="0" ci="2" mb="0" cb="0" />
      <line nr="83" mi="0" ci="1" mb="0" cb="0" />
      <line nr="84" mi="2" ci="0" mb="0" cb="0" />
      <line nr="90" mi="0" ci="1" mb="0" cb="0" />
      <line nr="92" mi="0" ci="1" mb="0" cb="0" />
      <line nr="95" mi="0" ci="1" mb="0" cb="0" />
      <line nr="98" mi="1" ci="0" mb="0" cb="0" />
      <line nr="103" mi="0" ci="1" mb="0" cb="0" />
      <line nr="106" mi="0" ci="2" mb="0" cb="0" />
      <line nr="107" mi="1" ci="0" mb="0" cb="0" />
      <line nr="112" mi="0" ci="2" mb="0" cb="0" />
      <line nr="115" mi="0" ci="4" mb="0" cb="0" />
      <line nr="116" mi="0" ci="2" mb="0" cb="0" />
      <line nr="117" mi="0" ci="2" mb="0" cb="0" />
      <line nr="118" mi="0" ci="1" mb="0" cb="0" />
      <line nr="119" mi="2" ci="0" mb="0" cb="0" />
      <line nr="124" mi="0" ci="1" mb="0" cb="0" />
      <line nr="126" mi="0" ci="1" mb="0" cb="0" />
      <line nr="129" mi="0" ci="1" mb="0" cb="0" />
      <line nr="132" mi="1" ci="0" mb="0" cb="0" />
      <line nr="136" mi="0" ci="1" mb="0" cb="0" />
      <line nr="139" mi="0" ci="1" mb="0" cb="0" />
      <line nr="142" mi="0" ci="5" mb="0" cb="0" />
      <line nr="145" mi="0" ci="3" mb="0" cb="0" />
      <line nr="147" mi="0" ci="1" mb="0" cb="0" />
      <line nr="150" mi="1" ci="0" mb="0" cb="0" />
      <line nr="151" mi="2" ci="0" mb="0" cb="0" />
      <line nr="152" mi="2" ci="0" mb="0" cb="0" />
      <line nr="153" mi="2" ci="0" mb="0" cb="0" />
      <line nr="154" mi="2" ci="0" mb="0" cb="0" />
      <line nr="156" mi="1" ci="0" mb="0" cb="0" />
      <line nr="158" mi="1" ci="0" mb="0" cb="0" />
      <line nr="161" mi="0" ci="1" mb="0" cb="0" />
      <line nr="163" mi="0" ci="1" mb="0" cb="0" />
      <line nr="166" mi="0" ci="1" mb="0" cb="0" />
      <line nr="167" mi="0" ci="2" mb="0" cb="0" />
      <line nr="168" mi="0" ci="3" mb="0" cb="0" />
      <line nr="169" mi="0" ci="2" mb="0" cb="0" />
      <line nr="170" mi="0" ci="2" mb="0" cb="0" />
      <line nr="172" mi="0" ci="1" mb="0" cb="0" />
      <line nr="174" mi="0" ci="1" mb="0" cb="0" />
      <line nr="179" mi="0" ci="3" mb="0" cb="0" />
      <line nr="181" mi="0" ci="1" mb="0" cb="0" />
      <line nr="184" mi="0" ci="1" mb="0" cb="0" />
      <line nr="185" mi="0" ci="2" mb="0" cb="0" />
      <line nr="186" mi="0" ci="2" mb="0" cb="0" />
      <line nr="187" mi="0" ci="2" mb="0" cb="0" />
      <line nr="188" mi="0" ci="2" mb="0" cb="0" />
      <line nr="190" mi="0" ci="1" mb="0" cb="0" />
      <line nr="192" mi="0" ci="1" mb="0" cb="0" />
      <line nr="194" mi="0" ci="1" mb="0" cb="0" />
      <line nr="197" mi="0" ci="1" mb="0" cb="0" />
      <line nr="198" mi="0" ci="2" mb="0" cb="0" />
      <line nr="199" mi="0" ci="3" mb="0" cb="0" />
      <line nr="200" mi="0" ci="2" mb="0" cb="0" />
      <line nr="201" mi="0" ci="2" mb="0" cb="0" />
      <line nr="203" mi="0" ci="1" mb="0" cb="0" />
      <line nr="205" mi="0" ci="1" mb="0" cb="0" />
      <line nr="210" mi="0" ci="1" mb="0" cb="0" />
      <line nr="211" mi="0" ci="2" mb="0" cb="0" />
      <line nr="212" mi="0" ci="3" mb="0" cb="0" />
      <line nr="213" mi="0" ci="2" mb="0" cb="0" />
      <line nr="214" mi="0" ci="2" mb="0" cb="0" />
      <line nr="216" mi="0" ci="1" mb="0" cb="0" />
      <line nr="218" mi="0" ci="1" mb="0" cb="0" />
      <line nr="225" mi="0" ci="1" mb="0" cb="0" />
      <line nr="227" mi="0" ci="1" mb="0" cb="0" />
      <line nr="228" mi="0" ci="2" mb="0" cb="0" />
      <line nr="229" mi="0" ci="3" mb="0" cb="0" />
      <line nr="230" mi="0" ci="2" mb="0" cb="0" />
      <line nr="231" mi="0" ci="2" mb="0" cb="0" />
      <line nr="233" mi="0" ci="1" mb="0" cb="0" />
      <line nr="235" mi="0" ci="1" mb="0" cb="0" />
      <line nr="238" mi="0" ci="1" mb="0" cb="0" />
      <line nr="241" mi="0" ci="1" mb="0" cb="0" />
      <line nr="242" mi="0" ci="2" mb="0" cb="0" />
      <line nr="243" mi="0" ci="2" mb="0" cb="0" />
      <line nr="244" mi="0" ci="2" mb="0" cb="0" />
      <line nr="245" mi="0" ci="2" mb="0" cb="0" />
      <line nr="247" mi="0" ci="1" mb="0" cb="0" />
      <line nr="249" mi="0" ci="1" mb="0" cb="0" />
      <line nr="254" mi="0" ci="1" mb="0" cb="0" />
      <line nr="255" mi="0" ci="2" mb="0" cb="0" />
      <line nr="256" mi="0" ci="3" mb="0" cb="0" />
      <line nr="257" mi="0" ci="2" mb="0" cb="0" />
      <line nr="258" mi="0" ci="2" mb="0" cb="0" />
      <line nr="260" mi="0" ci="1" mb="0" cb="0" />
      <line nr="262" mi="0" ci="1" mb="0" cb="0" />
      <line nr="266" mi="0" ci="1" mb="0" cb="0" />
      <line nr="270" mi="0" ci="1" mb="0" cb="0" />
      <line nr="272" mi="0" ci="1" mb="0" cb="0" />
      <line nr="273" mi="0" ci="3" mb="0" cb="0" />
      <line nr="275" mi="0" ci="1" mb="0" cb="0" />
      <line nr="276" mi="6" ci="0" mb="0" cb="0" />
      <line nr="280" mi="0" ci="1" mb="0" cb="0" />
      <line nr="281" mi="0" ci="2" mb="0" cb="0" />
      <line nr="282" mi="0" ci="1" mb="0" cb="0" />
      <line nr="283" mi="0" ci="2" mb="0" cb="0" />
      <line nr="284" mi="0" ci="1" mb="0" cb="0" />
      <line nr="285" mi="0" ci="2" mb="0" cb="0" />
      <line nr="286" mi="0" ci="1" mb="0" cb="0" />
      <line nr="287" mi="0" ci="2" mb="0" cb="0" />
      <line nr="288" mi="0" ci="1" mb="0" cb="0" />
      <line nr="289" mi="0" ci="2" mb="0" cb="0" />
      <line nr="290" mi="0" ci="1" mb="0" cb="0" />
      <line nr="291" mi="0" ci="2" mb="0" cb="0" />
      <line nr="292" mi="0" ci="1" mb="0" cb="0" />
      <line nr="293" mi="0" ci="2" mb="0" cb="0" />
      <line nr="294" mi="0" ci="1" mb="0" cb="0" />
      <line nr="296" mi="0" ci="1" mb="0" cb="0" />
      <line nr="297" mi="0" ci="2" mb="0" cb="0" />
      <counter type="INSTRUCTION" missed="25" covered="175" />
      <counter type="LINE" missed="14" covered="110" />
      <counter type="METHOD" missed="0" covered="1" />
      <counter type="CLASS" missed="0" covered="1" />
    </sourcefile>
    <sourcefile name="Public/Confirm-FilesystemHashes.ps1">
      <line nr="9" mi="0" ci="1" mb="0" cb="0" />
      <line nr="10" mi="0" ci="1" mb="0" cb="0" />
      <line nr="11" mi="0" ci="1" mb="0" cb="0" />
      <line nr="14" mi="0" ci="1" mb="0" cb="0" />
      <line nr="17" mi="0" ci="5" mb="0" cb="0" />
      <line nr="19" mi="0" ci="1" mb="0" cb="0" />
      <line nr="20" mi="0" ci="1" mb="0" cb="0" />
      <line nr="21" mi="0" ci="2" mb="0" cb="0" />
      <line nr="22" mi="0" ci="2" mb="0" cb="0" />
      <line nr="23" mi="0" ci="2" mb="0" cb="0" />
      <line nr="25" mi="0" ci="1" mb="0" cb="0" />
      <line nr="28" mi="0" ci="1" mb="0" cb="0" />
      <line nr="29" mi="0" ci="2" mb="0" cb="0" />
      <line nr="30" mi="0" ci="2" mb="0" cb="0" />
      <line nr="31" mi="0" ci="2" mb="0" cb="0" />
      <line nr="33" mi="0" ci="1" mb="0" cb="0" />
      <line nr="36" mi="0" ci="1" mb="0" cb="0" />
      <line nr="39" mi="0" ci="1" mb="0" cb="0" />
      <line nr="44" mi="0" ci="1" mb="0" cb="0" />
      <line nr="46" mi="0" ci="1" mb="0" cb="0" />
      <line nr="47" mi="0" ci="2" mb="0" cb="0" />
      <line nr="49" mi="0" ci="1" mb="0" cb="0" />
      <line nr="50" mi="6" ci="0" mb="0" cb="0" />
      <line nr="53" mi="0" ci="1" mb="0" cb="0" />
      <line nr="54" mi="0" ci="2" mb="0" cb="0" />
      <counter type="INSTRUCTION" missed="6" covered="36" />
      <counter type="LINE" missed="1" covered="24" />
      <counter type="METHOD" missed="0" covered="1" />
      <counter type="CLASS" missed="0" covered="1" />
    </sourcefile>
    <sourcefile name="Public/Copy-ContentModel.ps1">
      <line nr="8" mi="0" ci="1" mb="0" cb="0" />
      <line nr="11" mi="0" ci="1" mb="0" cb="0" />
      <line nr="14" mi="0" ci="1" mb="0" cb="0" />
      <line nr="15" mi="0" ci="1" mb="0" cb="0" />
      <line nr="16" mi="0" ci="1" mb="0" cb="0" />
      <line nr="17" mi="0" ci="1" mb="0" cb="0" />
      <line nr="18" mi="0" ci="1" mb="0" cb="0" />
      <line nr="19" mi="0" ci="1" mb="0" cb="0" />
      <line nr="20" mi="0" ci="1" mb="0" cb="0" />
      <line nr="23" mi="0" ci="1" mb="0" cb="0" />
      <line nr="26" mi="0" ci="1" mb="0" cb="0" />
      <line nr="29" mi="0" ci="5" mb="0" cb="0" />
      <line nr="32" mi="0" ci="1" mb="0" cb="0" />
      <line nr="35" mi="0" ci="1" mb="0" cb="0" />
      <line nr="36" mi="0" ci="1" mb="0" cb="0" />
      <line nr="37" mi="0" ci="1" mb="0" cb="0" />
      <line nr="38" mi="0" ci="1" mb="0" cb="0" />
      <line nr="39" mi="0" ci="1" mb="0" cb="0" />
      <line nr="40" mi="0" ci="1" mb="0" cb="0" />
      <line nr="41" mi="0" ci="1" mb="0" cb="0" />
      <line nr="42" mi="0" ci="1" mb="0" cb="0" />
      <line nr="43" mi="1" ci="1" mb="0" cb="0" />
      <line nr="46" mi="0" ci="1" mb="0" cb="0" />
      <line nr="51" mi="0" ci="1" mb="0" cb="0" />
      <line nr="53" mi="0" ci="1" mb="0" cb="0" />
      <counter type="INSTRUCTION" missed="1" covered="29" />
      <counter type="LINE" missed="0" covered="25" />
      <counter type="METHOD" missed="0" covered="1" />
      <counter type="CLASS" missed="0" covered="1" />
    </sourcefile>
    <sourcefile name="Public/Get-AvailableFileMetadataKeys.ps1">
      <line nr="24" mi="0" ci="1" mb="0" cb="0" />
      <line nr="25" mi="0" ci="1" mb="0" cb="0" />
      <line nr="28" mi="0" ci="1" mb="0" cb="0" />
      <line nr="29" mi="1" ci="0" mb="0" cb="0" />
      <line nr="30" mi="1" ci="0" mb="0" cb="0" />
      <line nr="34" mi="0" ci="2" mb="0" cb="0" />
      <line nr="37" mi="0" ci="1" mb="0" cb="0" />
      <line nr="40" mi="0" ci="1" mb="0" cb="0" />
      <line nr="41" mi="3" ci="0" mb="0" cb="0" />
      <line nr="47" mi="0" ci="1" mb="0" cb="0" />
      <line nr="50" mi="0" ci="1" mb="0" cb="0" />
      <line nr="52" mi="0" ci="1" mb="0" cb="0" />
      <line nr="54" mi="0" ci="1" mb="0" cb="0" />
      <line nr="55" mi="0" ci="2" mb="0" cb="0" />
      <line nr="56" mi="0" ci="1" mb="0" cb="0" />
      <line nr="57" mi="0" ci="1" mb="0" cb="0" />
      <line nr="60" mi="0" ci="1" mb="0" cb="0" />
      <line nr="63" mi="0" ci="1" mb="0" cb="0" />
      <counter type="INSTRUCTION" missed="5" covered="17" />
      <counter type="LINE" missed="3" covered="15" />
      <counter type="METHOD" missed="0" covered="1" />
      <counter type="CLASS" missed="0" covered="1" />
    </sourcefile>
    <sourcefile name="Public/Get-FileMetadata.ps1">
      <line nr="37" mi="0" ci="1" mb="0" cb="0" />
      <line nr="38" mi="0" ci="1" mb="0" cb="0" />
      <line nr="39" mi="0" ci="1" mb="0" cb="0" />
      <line nr="42" mi="0" ci="1" mb="0" cb="0" />
      <line nr="43" mi="1" ci="0" mb="0" cb="0" />
      <line nr="44" mi="1" ci="0" mb="0" cb="0" />
      <line nr="48" mi="0" ci="2" mb="0" cb="0" />
      <line nr="51" mi="0" ci="1" mb="0" cb="0" />
      <line nr="54" mi="0" ci="1" mb="0" cb="0" />
      <line nr="57" mi="0" ci="1" mb="0" cb="0" />
      <line nr="59" mi="0" ci="1" mb="0" cb="0" />
      <line nr="61" mi="0" ci="1" mb="0" cb="0" />
      <line nr="62" mi="0" ci="1" mb="0" cb="0" />
      <line nr="65" mi="0" ci="3" mb="0" cb="0" />
      <line nr="67" mi="0" ci="1" mb="0" cb="0" />
      <line nr="69" mi="0" ci="1" mb="0" cb="0" />
      <line nr="70" mi="0" ci="1" mb="0" cb="0" />
      <line nr="73" mi="0" ci="1" mb="0" cb="0" />
      <line nr="78" mi="0" ci="1" mb="0" cb="0" />
      <line nr="80" mi="0" ci="1" mb="0" cb="0" />
      <line nr="81" mi="0" ci="1" mb="0" cb="0" />
      <line nr="83" mi="0" ci="3" mb="0" cb="0" />
      <line nr="85" mi="0" ci="1" mb="0" cb="0" />
      <line nr="87" mi="0" ci="1" mb="0" cb="0" />
      <line nr="88" mi="0" ci="1" mb="0" cb="0" />
      <line nr="91" mi="0" ci="1" mb="0" cb="0" />
      <line nr="94" mi="0" ci="1" mb="0" cb="0" />
      <line nr="98" mi="0" ci="1" mb="0" cb="0" />
      <counter type="INSTRUCTION" missed="2" covered="31" />
      <counter type="LINE" missed="2" covered="26" />
      <counter type="METHOD" missed="0" covered="1" />
      <counter type="CLASS" missed="0" covered="1" />
    </sourcefile>
    <sourcefile name="Public/Get-LevenshteinDistance.ps1">
      <line nr="36" mi="0" ci="2" mb="0" cb="0" />
      <line nr="37" mi="0" ci="1" mb="0" cb="0" />
      <line nr="38" mi="0" ci="1" mb="0" cb="0" />
      <line nr="41" mi="0" ci="3" mb="0" cb="0" />
      <line nr="44" mi="0" ci="3" mb="0" cb="0" />
      <line nr="45" mi="0" ci="1" mb="0" cb="0" />
      <line nr="48" mi="0" ci="3" mb="0" cb="0" />
      <line nr="49" mi="0" ci="1" mb="0" cb="0" />
      <line nr="52" mi="0" ci="3" mb="0" cb="0" />
      <line nr="53" mi="0" ci="3" mb="0" cb="0" />
      <line nr="54" mi="0" ci="3" mb="0" cb="0" />
      <line nr="55" mi="0" ci="2" mb="0" cb="0" />
      <line nr="56" mi="0" ci="2" mb="0" cb="0" />
      <line nr="57" mi="0" ci="3" mb="0" cb="0" />
      <line nr="58" mi="0" ci="1" mb="0" cb="0" />
      <line nr="62" mi="0" ci="2" mb="0" cb="0" />
      <line nr="64" mi="0" ci="1" mb="0" cb="0" />
      <line nr="65" mi="4" ci="0" mb="0" cb="0" />
      <line nr="69" mi="0" ci="1" mb="0" cb="0" />
      <line nr="74" mi="1" ci="0" mb="0" cb="0" />
      <counter type="INSTRUCTION" missed="5" covered="36" />
      <counter type="LINE" missed="2" covered="18" />
      <counter type="METHOD" missed="0" covered="1" />
      <counter type="CLASS" missed="0" covered="1" />
    </sourcefile>
    <sourcefile name="Public/Merge-ContentModel.ps1">
      <line nr="13" mi="0" ci="1" mb="0" cb="0" />
      <line nr="14" mi="0" ci="1" mb="0" cb="0" />
      <line nr="15" mi="0" ci="1" mb="0" cb="0" />
      <line nr="18" mi="0" ci="2" mb="0" cb="0" />
      <line nr="25" mi="1" ci="0" mb="0" cb="0" />
      <line nr="26" mi="1" ci="0" mb="0" cb="0" />
      <line nr="30" mi="0" ci="1" mb="0" cb="0" />
      <line nr="33" mi="0" ci="1" mb="0" cb="0" />
      <line nr="34" mi="0" ci="1" mb="0" cb="0" />
      <line nr="35" mi="0" ci="1" mb="0" cb="0" />
      <line nr="36" mi="0" ci="1" mb="0" cb="0" />
      <line nr="37" mi="0" ci="1" mb="0" cb="0" />
      <line nr="38" mi="0" ci="1" mb="0" cb="0" />
      <line nr="39" mi="0" ci="1" mb="0" cb="0" />
      <line nr="42" mi="0" ci="1" mb="0" cb="0" />
      <line nr="45" mi="0" ci="1" mb="0" cb="0" />
      <line nr="48" mi="0" ci="5" mb="0" cb="0" />
      <line nr="51" mi="0" ci="1" mb="0" cb="0" />
      <line nr="54" mi="0" ci="1" mb="0" cb="0" />
      <line nr="55" mi="0" ci="1" mb="0" cb="0" />
      <line nr="56" mi="0" ci="1" mb="0" cb="0" />
      <line nr="57" mi="0" ci="1" mb="0" cb="0" />
      <line nr="58" mi="0" ci="1" mb="0" cb="0" />
      <line nr="59" mi="0" ci="1" mb="0" cb="0" />
      <line nr="60" mi="0" ci="1" mb="0" cb="0" />
      <line nr="61" mi="0" ci="1" mb="0" cb="0" />
      <line nr="62" mi="1" ci="1" mb="0" cb="0" />
      <line nr="65" mi="0" ci="1" mb="0" cb="0" />
      <line nr="70" mi="0" ci="1" mb="0" cb="0" />
      <line nr="74" mi="0" ci="1" mb="0" cb="0" />
      <line nr="77" mi="0" ci="5" mb="0" cb="0" />
      <line nr="80" mi="0" ci="1" mb="0" cb="0" />
      <line nr="83" mi="0" ci="1" mb="0" cb="0" />
      <line nr="84" mi="0" ci="1" mb="0" cb="0" />
      <line nr="93" mi="0" ci="1" mb="0" cb="0" />
      <line nr="95" mi="0" ci="1" mb="0" cb="0" />
      <line nr="98" mi="0" ci="1" mb="0" cb="0" />
      <line nr="99" mi="0" ci="1" mb="0" cb="0" />
      <line nr="100" mi="0" ci="1" mb="0" cb="0" />
      <line nr="101" mi="0" ci="1" mb="0" cb="0" />
      <line nr="102" mi="0" ci="1" mb="0" cb="0" />
      <line nr="103" mi="0" ci="1" mb="0" cb="0" />
      <line nr="104" mi="0" ci="1" mb="0" cb="0" />
      <line nr="105" mi="0" ci="1" mb="0" cb="0" />
      <line nr="106" mi="1" ci="1" mb="0" cb="0" />
      <line nr="110" mi="0" ci="1" mb="0" cb="0" />
      <line nr="115" mi="0" ci="1" mb="0" cb="0" />
      <line nr="119" mi="0" ci="1" mb="0" cb="0" />
      <line nr="120" mi="0" ci="1" mb="0" cb="0" />
      <line nr="121" mi="0" ci="1" mb="0" cb="0" />
      <line nr="123" mi="0" ci="1" mb="0" cb="0" />
      <line nr="124" mi="0" ci="1" mb="0" cb="0" />
      <line nr="125" mi="0" ci="1" mb="0" cb="0" />
      <line nr="126" mi="0" ci="1" mb="0" cb="0" />
      <line nr="127" mi="0" ci="1" mb="0" cb="0" />
      <line nr="128" mi="0" ci="1" mb="0" cb="0" />
      <line nr="129" mi="0" ci="1" mb="0" cb="0" />
      <line nr="130" mi="0" ci="1" mb="0" cb="0" />
      <line nr="133" mi="0" ci="1" mb="0" cb="0" />
      <counter type="INSTRUCTION" missed="4" covered="66" />
      <counter type="LINE" missed="2" covered="57" />
      <counter type="METHOD" missed="0" covered="1" />
      <counter type="CLASS" missed="0" covered="1" />
    </sourcefile>
    <sourcefile name="Public/New-ContentModel.ps1">
      <line nr="21" mi="0" ci="1" mb="0" cb="0" />
      <counter type="INSTRUCTION" missed="0" covered="1" />
      <counter type="LINE" missed="0" covered="1" />
      <counter type="METHOD" missed="0" covered="1" />
      <counter type="CLASS" missed="0" covered="1" />
    </sourcefile>
    <sourcefile name="Public/Remove-ConsoleIndent.ps1">
      <line nr="6" mi="0" ci="1" mb="0" cb="0" />
      <counter type="INSTRUCTION" missed="0" covered="1" />
      <counter type="LINE" missed="0" covered="1" />
      <counter type="METHOD" missed="0" covered="1" />
      <counter type="CLASS" missed="0" covered="1" />
    </sourcefile>
    <sourcefile name="Public/Rename-File.ps1">
      <line nr="12" mi="0" ci="1" mb="0" cb="0" />
      <line nr="13" mi="0" ci="1" mb="0" cb="0" />
      <line nr="14" mi="0" ci="2" mb="0" cb="0" />
      <line nr="15" mi="0" ci="1" mb="0" cb="0" />
      <line nr="18" mi="0" ci="1" mb="0" cb="0" />
      <line nr="20" mi="1" ci="0" mb="0" cb="0" />
      <line nr="22" mi="0" ci="3" mb="0" cb="0" />
      <line nr="24" mi="0" ci="1" mb="0" cb="0" />
      <line nr="25" mi="0" ci="1" mb="0" cb="0" />
      <line nr="27" mi="0" ci="1" mb="0" cb="0" />
      <line nr="29" mi="0" ci="1" mb="0" cb="0" />
      <line nr="30" mi="0" ci="1" mb="0" cb="0" />
      <line nr="34" mi="1" ci="0" mb="0" cb="0" />
      <line nr="35" mi="1" ci="0" mb="0" cb="0" />
      <counter type="INSTRUCTION" missed="3" covered="14" />
      <counter type="LINE" missed="3" covered="11" />
      <counter type="METHOD" missed="0" covered="1" />
      <counter type="CLASS" missed="0" covered="1" />
    </sourcefile>
    <sourcefile name="Public/Reset-ConsoleIndent.ps1">
      <line nr="6" mi="0" ci="1" mb="0" cb="0" />
      <counter type="INSTRUCTION" missed="0" covered="1" />
      <counter type="LINE" missed="0" covered="1" />
      <counter type="METHOD" missed="0" covered="1" />
      <counter type="CLASS" missed="0" covered="1" />
    </sourcefile>
    <sourcefile name="Public/Save-File.ps1">
      <line nr="12" mi="0" ci="3" mb="0" cb="0" />
      <line nr="14" mi="2" ci="0" mb="0" cb="0" />
      <line nr="18" mi="0" ci="2" mb="0" cb="0" />
      <counter type="INSTRUCTION" missed="2" covered="5" />
      <counter type="LINE" missed="1" covered="2" />
      <counter type="METHOD" missed="0" covered="1" />
      <counter type="CLASS" missed="0" covered="1" />
    </sourcefile>
    <sourcefile name="Public/Write-ErrorToConsole.ps1">
      <line nr="15" mi="0" ci="1" mb="0" cb="0" />
      <line nr="16" mi="0" ci="2" mb="0" cb="0" />
      <line nr="19" mi="0" ci="1" mb="0" cb="0" />
      <counter type="INSTRUCTION" missed="0" covered="4" />
      <counter type="LINE" missed="0" covered="3" />
      <counter type="METHOD" missed="0" covered="1" />
      <counter type="CLASS" missed="0" covered="1" />
    </sourcefile>
    <sourcefile name="Public/Write-FormattedTableToConsole.ps1">
      <line nr="24" mi="0" ci="1" mb="0" cb="0" />
      <line nr="26" mi="0" ci="2" mb="0" cb="0" />
      <line nr="27" mi="0" ci="1" mb="0" cb="0" />
      <line nr="28" mi="0" ci="1" mb="0" cb="0" />
      <line nr="29" mi="0" ci="1" mb="0" cb="0" />
      <line nr="30" mi="1" ci="0" mb="0" cb="0" />
      <line nr="34" mi="0" ci="1" mb="0" cb="0" />
      <line nr="35" mi="0" ci="1" mb="0" cb="0" />
      <line nr="38" mi="0" ci="3" mb="0" cb="0" />
      <line nr="39" mi="0" ci="1" mb="0" cb="0" />
      <line nr="40" mi="0" ci="1" mb="0" cb="0" />
      <line nr="41" mi="0" ci="1" mb="0" cb="0" />
      <line nr="44" mi="0" ci="1" mb="0" cb="0" />
      <line nr="45" mi="0" ci="1" mb="0" cb="0" />
      <line nr="49" mi="0" ci="1" mb="0" cb="0" />
      <line nr="51" mi="0" ci="1" mb="0" cb="0" />
      <line nr="53" mi="0" ci="3" mb="0" cb="0" />
      <line nr="54" mi="0" ci="1" mb="0" cb="0" />
      <line nr="55" mi="0" ci="1" mb="0" cb="0" />
      <line nr="58" mi="0" ci="2" mb="0" cb="0" />
      <line nr="60" mi="0" ci="2" mb="0" cb="0" />
      <line nr="61" mi="0" ci="1" mb="0" cb="0" />
      <line nr="63" mi="0" ci="1" mb="0" cb="0" />
      <line nr="64" mi="0" ci="1" mb="0" cb="0" />
      <line nr="70" mi="0" ci="1" mb="0" cb="0" />
      <line nr="72" mi="0" ci="1" mb="0" cb="0" />
      <line nr="76" mi="0" ci="4" mb="0" cb="0" />
      <counter type="INSTRUCTION" missed="1" covered="36" />
      <counter type="LINE" missed="1" covered="26" />
      <counter type="METHOD" missed="0" covered="1" />
      <counter type="CLASS" missed="0" covered="1" />
    </sourcefile>
    <sourcefile name="Public/Write-InfoToConsole.ps1">
      <line nr="16" mi="0" ci="1" mb="0" cb="0" />
      <line nr="17" mi="0" ci="2" mb="0" cb="0" />
      <line nr="20" mi="0" ci="1" mb="0" cb="0" />
      <counter type="INSTRUCTION" missed="0" covered="4" />
      <counter type="LINE" missed="0" covered="3" />
      <counter type="METHOD" missed="0" covered="1" />
      <counter type="CLASS" missed="0" covered="1" />
    </sourcefile>
    <sourcefile name="Public/Write-SuccessToConsole.ps1">
      <line nr="15" mi="0" ci="1" mb="0" cb="0" />
      <line nr="16" mi="0" ci="2" mb="0" cb="0" />
      <line nr="19" mi="0" ci="1" mb="0" cb="0" />
      <counter type="INSTRUCTION" missed="0" covered="4" />
      <counter type="LINE" missed="0" covered="3" />
      <counter type="METHOD" missed="0" covered="1" />
      <counter type="CLASS" missed="0" covered="1" />
    </sourcefile>
    <sourcefile name="Public/Write-ToConsole.ps1">
      <line nr="21" mi="0" ci="1" mb="0" cb="0" />
      <line nr="23" mi="0" ci="1" mb="0" cb="0" />
      <line nr="24" mi="0" ci="2" mb="0" cb="0" />
      <line nr="27" mi="1" ci="0" mb="0" cb="0" />
      <line nr="28" mi="2" ci="0" mb="0" cb="0" />
      <line nr="30" mi="1" ci="0" mb="0" cb="0" />
      <counter type="INSTRUCTION" missed="4" covered="4" />
      <counter type="LINE" missed="3" covered="3" />
      <counter type="METHOD" missed="0" covered="1" />
      <counter type="CLASS" missed="0" covered="1" />
    </sourcefile>
    <sourcefile name="Public/Write-WarnToConsole.ps1">
      <line nr="15" mi="0" ci="1" mb="0" cb="0" />
      <line nr="16" mi="0" ci="2" mb="0" cb="0" />
      <line nr="20" mi="0" ci="1" mb="0" cb="0" />
      <counter type="INSTRUCTION" missed="0" covered="4" />
      <counter type="LINE" missed="0" covered="3" />
      <counter type="METHOD" missed="0" covered="1" />
      <counter type="CLASS" missed="0" covered="1" />
    </sourcefile>
    <counter type="INSTRUCTION" missed="58" covered="471" />
    <counter type="LINE" missed="32" covered="334" />
    <counter type="METHOD" missed="0" covered="19" />
    <counter type="CLASS" missed="0" covered="19" />
  </package>
  <package name="Module/Using/Helpers">
    <class name="Module/Using/Helpers/PS.MCM.ANSIEscapedString.Abstract" sourcefilename="Using/Helpers/PS.MCM.ANSIEscapedString.Abstract.psm1">
      <method name="&lt;script&gt;" desc="()" line="26">
        <counter type="INSTRUCTION" missed="1" covered="0" />
        <counter type="LINE" missed="1" covered="0" />
        <counter type="METHOD" missed="1" covered="0" />
      </method>
      <method name="PrintedLength" desc="()" line="39">
        <counter type="INSTRUCTION" missed="0" covered="2" />
        <counter type="LINE" missed="0" covered="1" />
        <counter type="METHOD" missed="0" covered="1" />
      </method>
      <method name="Strip" desc="()" line="43">
        <counter type="INSTRUCTION" missed="0" covered="1" />
        <counter type="LINE" missed="0" covered="1" />
        <counter type="METHOD" missed="0" covered="1" />
      </method>
      <method name="Colourise" desc="()" line="47">
        <counter type="INSTRUCTION" missed="0" covered="7" />
        <counter type="LINE" missed="0" covered="5" />
        <counter type="METHOD" missed="0" covered="1" />
      </method>
      <method name="FixedWidth" desc="()" line="62">
        <counter type="INSTRUCTION" missed="3" covered="28" />
        <counter type="LINE" missed="2" covered="20" />
        <counter type="METHOD" missed="0" covered="1" />
      </method>
      <counter type="INSTRUCTION" missed="4" covered="38" />
      <counter type="LINE" missed="3" covered="27" />
      <counter type="METHOD" missed="1" covered="4" />
      <counter type="CLASS" missed="1" covered="0" />
    </class>
    <class name="Module/Using/Helpers/PS.MCM.ContentComparer.Class" sourcefilename="Using/Helpers/PS.MCM.ContentComparer.Class.psm1">
      <method name="ContentComparer" desc="()" line="30">
        <counter type="INSTRUCTION" missed="0" covered="3" />
        <counter type="LINE" missed="0" covered="3" />
        <counter type="METHOD" missed="0" covered="1" />
      </method>
      <method name="Compare" desc="()" line="43">
        <counter type="INSTRUCTION" missed="0" covered="12" />
        <counter type="LINE" missed="0" covered="8" />
        <counter type="METHOD" missed="0" covered="1" />
      </method>
      <counter type="INSTRUCTION" missed="0" covered="15" />
      <counter type="LINE" missed="0" covered="11" />
      <counter type="METHOD" missed="0" covered="2" />
      <counter type="CLASS" missed="0" covered="1" />
    </class>
    <class name="Module/Using/Helpers/PS.MCM.ElementParser.Abstract" sourcefilename="Using/Helpers/PS.MCM.ElementParser.Abstract.psm1">
      <method name="&lt;script&gt;" desc="()" line="34">
        <counter type="INSTRUCTION" missed="1" covered="0" />
        <counter type="LINE" missed="1" covered="0" />
        <counter type="METHOD" missed="1" covered="0" />
      </method>
      <method name="IsValidSeasonEpisode" desc="()" line="49">
        <counter type="INSTRUCTION" missed="0" covered="4" />
        <counter type="LINE" missed="0" covered="4" />
        <counter type="METHOD" missed="0" covered="1" />
      </method>
      <method name="IsSeasonEpisodePattern" desc="()" line="58">
        <counter type="INSTRUCTION" missed="0" covered="3" />
        <counter type="LINE" missed="0" covered="3" />
        <counter type="METHOD" missed="0" covered="1" />
      </method>
      <method name="IsValidTrackNumber" desc="()" line="65">
        <counter type="INSTRUCTION" missed="0" covered="1" />
        <counter type="LINE" missed="0" covered="1" />
        <counter type="METHOD" missed="0" covered="1" />
      </method>
      <method name="IsValidYear" desc="()" line="69">
        <counter type="INSTRUCTION" missed="0" covered="1" />
        <counter type="LINE" missed="0" covered="1" />
        <counter type="METHOD" missed="0" covered="1" />
      </method>
      <method name="GetSeason" desc="()" line="73">
        <counter type="INSTRUCTION" missed="0" covered="12" />
        <counter type="LINE" missed="0" covered="7" />
        <counter type="METHOD" missed="0" covered="1" />
      </method>
      <method name="GetEpisode" desc="()" line="87">
        <counter type="INSTRUCTION" missed="0" covered="12" />
        <counter type="LINE" missed="0" covered="7" />
        <counter type="METHOD" missed="0" covered="1" />
      </method>
      <method name="SeasonEpisodeToString" desc="()" line="101">
        <counter type="INSTRUCTION" missed="1" covered="21" />
        <counter type="LINE" missed="1" covered="9" />
        <counter type="METHOD" missed="0" covered="1" />
      </method>
      <method name="TrackToString" desc="()" line="126">
        <counter type="INSTRUCTION" missed="0" covered="2" />
        <counter type="LINE" missed="0" covered="1" />
        <counter type="METHOD" missed="0" covered="1" />
      </method>
      <counter type="INSTRUCTION" missed="2" covered="56" />
      <counter type="LINE" missed="2" covered="33" />
      <counter type="METHOD" missed="1" covered="8" />
      <counter type="CLASS" missed="1" covered="0" />
    </class>
    <class name="Module/Using/Helpers/PS.MCM.FileMetadataProperty.Class" sourcefilename="Using/Helpers/PS.MCM.FileMetadataProperty.Class.psm1">
      <method name="FileMetadataProperty" desc="()" line="31">
        <counter type="INSTRUCTION" missed="0" covered="3" />
        <counter type="LINE" missed="0" covered="3" />
        <counter type="METHOD" missed="0" covered="1" />
      </method>
      <counter type="INSTRUCTION" missed="0" covered="3" />
      <counter type="LINE" missed="0" covered="3" />
      <counter type="METHOD" missed="0" covered="1" />
      <counter type="CLASS" missed="0" covered="1" />
    </class>
    <sourcefile name="Using/Helpers/PS.MCM.ANSIEscapedString.Abstract.psm1">
      <line nr="26" mi="1" ci="0" mb="0" cb="0" />
      <line nr="39" mi="0" ci="2" mb="0" cb="0" />
      <line nr="43" mi="0" ci="1" mb="0" cb="0" />
      <line nr="47" mi="0" ci="1" mb="0" cb="0" />
      <line nr="51" mi="0" ci="3" mb="0" cb="0" />
      <line nr="53" mi="0" ci="1" mb="0" cb="0" />
      <line nr="54" mi="0" ci="1" mb="0" cb="0" />
      <line nr="57" mi="0" ci="1" mb="0" cb="0" />
      <line nr="62" mi="0" ci="1" mb="0" cb="0" />
      <line nr="68" mi="1" ci="1" mb="0" cb="0" />
      <line nr="71" mi="0" ci="1" mb="0" cb="0" />
      <line nr="72" mi="0" ci="1" mb="0" cb="0" />
      <line nr="73" mi="0" ci="1" mb="0" cb="0" />
      <line nr="75" mi="0" ci="1" mb="0" cb="0" />
      <line nr="78" mi="0" ci="4" mb="0" cb="0" />
      <line nr="83" mi="0" ci="1" mb="0" cb="0" />
      <line nr="84" mi="0" ci="1" mb="0" cb="0" />
      <line nr="86" mi="0" ci="1" mb="0" cb="0" />
      <line nr="87" mi="0" ci="1" mb="0" cb="0" />
      <line nr="88" mi="0" ci="1" mb="0" cb="0" />
      <line nr="90" mi="0" ci="2" mb="0" cb="0" />
      <line nr="91" mi="0" ci="1" mb="0" cb="0" />
      <line nr="92" mi="0" ci="1" mb="0" cb="0" />
      <line nr="94" mi="0" ci="3" mb="0" cb="0" />
      <line nr="95" mi="0" ci="1" mb="0" cb="0" />
      <line nr="96" mi="0" ci="1" mb="0" cb="0" />
      <line nr="98" mi="0" ci="3" mb="0" cb="0" />
      <line nr="99" mi="1" ci="0" mb="0" cb="0" />
      <line nr="100" mi="1" ci="0" mb="0" cb="0" />
      <line nr="108" mi="0" ci="1" mb="0" cb="0" />
      <counter type="INSTRUCTION" missed="4" covered="38" />
      <counter type="LINE" missed="3" covered="27" />
      <counter type="METHOD" missed="1" covered="4" />
      <counter type="CLASS" missed="1" covered="0" />
    </sourcefile>
    <sourcefile name="Using/Helpers/PS.MCM.ContentComparer.Class.psm1">
      <line nr="30" mi="0" ci="1" mb="0" cb="0" />
      <line nr="34" mi="0" ci="1" mb="0" cb="0" />
      <line nr="35" mi="0" ci="1" mb="0" cb="0" />
      <line nr="43" mi="0" ci="3" mb="0" cb="0" />
      <line nr="45" mi="0" ci="1" mb="0" cb="0" />
      <line nr="47" mi="0" ci="3" mb="0" cb="0" />
      <line nr="49" mi="0" ci="1" mb="0" cb="0" />
      <line nr="53" mi="0" ci="1" mb="0" cb="0" />
      <line nr="56" mi="0" ci="1" mb="0" cb="0" />
      <line nr="57" mi="0" ci="1" mb="0" cb="0" />
      <line nr="60" mi="0" ci="1" mb="0" cb="0" />
      <counter type="INSTRUCTION" missed="0" covered="15" />
      <counter type="LINE" missed="0" covered="11" />
      <counter type="METHOD" missed="0" covered="2" />
      <counter type="CLASS" missed="0" covered="1" />
    </sourcefile>
    <sourcefile name="Using/Helpers/PS.MCM.ElementParser.Abstract.psm1">
      <line nr="34" mi="1" ci="0" mb="0" cb="0" />
      <line nr="49" mi="0" ci="1" mb="0" cb="0" />
      <line nr="50" mi="0" ci="1" mb="0" cb="0" />
      <line nr="51" mi="0" ci="1" mb="0" cb="0" />
      <line nr="54" mi="0" ci="1" mb="0" cb="0" />
      <line nr="58" mi="0" ci="1" mb="0" cb="0" />
      <line nr="59" mi="0" ci="1" mb="0" cb="0" />
      <line nr="61" mi="0" ci="1" mb="0" cb="0" />
      <line nr="65" mi="0" ci="1" mb="0" cb="0" />
      <line nr="69" mi="0" ci="1" mb="0" cb="0" />
      <line nr="73" mi="0" ci="2" mb="0" cb="0" />
      <line nr="74" mi="0" ci="1" mb="0" cb="0" />
      <line nr="75" mi="0" ci="3" mb="0" cb="0" />
      <line nr="77" mi="0" ci="2" mb="0" cb="0" />
      <line nr="78" mi="0" ci="1" mb="0" cb="0" />
      <line nr="79" mi="0" ci="2" mb="0" cb="0" />
      <line nr="82" mi="0" ci="1" mb="0" cb="0" />
      <line nr="87" mi="0" ci="2" mb="0" cb="0" />
      <line nr="88" mi="0" ci="1" mb="0" cb="0" />
      <line nr="89" mi="0" ci="3" mb="0" cb="0" />
      <line nr="91" mi="0" ci="2" mb="0" cb="0" />
      <line nr="92" mi="0" ci="1" mb="0" cb="0" />
      <line nr="93" mi="0" ci="2" mb="0" cb="0" />
      <line nr="96" mi="0" ci="1" mb="0" cb="0" />
      <line nr="101" mi="0" ci="1" mb="0" cb="0" />
      <line nr="102" mi="0" ci="1" mb="0" cb="0" />
      <line nr="103" mi="0" ci="4" mb="0" cb="0" />
      <line nr="106" mi="0" ci="1" mb="0" cb="0" />
      <line nr="107" mi="0" ci="4" mb="0" cb="0" />
      <line nr="110" mi="0" ci="1" mb="0" cb="0" />
      <line nr="111" mi="0" ci="4" mb="0" cb="0" />
      <line nr="114" mi="0" ci="1" mb="0" cb="0" />
      <line nr="115" mi="0" ci="4" mb="0" cb="0" />
      <line nr="122" mi="1" ci="0" mb="0" cb="0" />
      <line nr="126" mi="0" ci="2" mb="0" cb="0" />
      <counter type="INSTRUCTION" missed="2" covered="56" />
      <counter type="LINE" missed="2" covered="33" />
      <counter type="METHOD" missed="1" covered="8" />
      <counter type="CLASS" missed="1" covered="0" />
    </sourcefile>
    <sourcefile name="Using/Helpers/PS.MCM.FileMetadataProperty.Class.psm1">
      <line nr="31" mi="0" ci="1" mb="0" cb="0" />
      <line nr="32" mi="0" ci="1" mb="0" cb="0" />
      <line nr="33" mi="0" ci="1" mb="0" cb="0" />
      <counter type="INSTRUCTION" missed="0" covered="3" />
      <counter type="LINE" missed="0" covered="3" />
      <counter type="METHOD" missed="0" covered="1" />
      <counter type="CLASS" missed="0" covered="1" />
    </sourcefile>
    <counter type="INSTRUCTION" missed="6" covered="112" />
    <counter type="LINE" missed="5" covered="74" />
    <counter type="METHOD" missed="2" covered="15" />
    <counter type="CLASS" missed="2" covered="2" />
  </package>
  <package name="Module/Using/ModuleBehaviour">
    <class name="Module/Using/ModuleBehaviour/PS.MCM.ModuleSettings.Abstract" sourcefilename="Using/ModuleBehaviour/PS.MCM.ModuleSettings.Abstract.psm1">
      <method name="DEFAULT_AUDIO_EXTENSIONS" desc="()" line="36">
        <counter type="INSTRUCTION" missed="0" covered="2" />
        <counter type="LINE" missed="0" covered="1" />
        <counter type="METHOD" missed="0" covered="1" />
      </method>
      <method name="DEFAULT_VIDEO_EXTENSIONS" desc="()" line="40">
        <counter type="INSTRUCTION" missed="0" covered="2" />
        <counter type="LINE" missed="0" covered="1" />
        <counter type="METHOD" missed="0" covered="1" />
      </method>
      <method name="DEFAULT_TAGS" desc="()" line="44">
        <counter type="INSTRUCTION" missed="0" covered="2" />
        <counter type="LINE" missed="0" covered="1" />
        <counter type="METHOD" missed="0" covered="1" />
      </method>
      <method name="DEFAULT_MAX_METADATA_PROPERTIES" desc="()" line="48">
        <counter type="INSTRUCTION" missed="0" covered="1" />
        <counter type="LINE" missed="0" covered="1" />
        <counter type="METHOD" missed="0" covered="1" />
      </method>
      <method name="DEFAULT_FILENAME_SPLITTER" desc="()" line="52">
        <counter type="INSTRUCTION" missed="0" covered="1" />
        <counter type="LINE" missed="0" covered="1" />
        <counter type="METHOD" missed="0" covered="1" />
      </method>
      <method name="DEFAULT_LIST_SPLITTER" desc="()" line="56">
        <counter type="INSTRUCTION" missed="0" covered="1" />
        <counter type="LINE" missed="0" covered="1" />
        <counter type="METHOD" missed="0" covered="1" />
      </method>
      <method name="DEFAULT_SHORTFILM_FILENAME_FORMAT" desc="()" line="60">
        <counter type="INSTRUCTION" missed="0" covered="2" />
        <counter type="LINE" missed="0" covered="1" />
        <counter type="METHOD" missed="0" covered="1" />
      </method>
      <method name="DEFAULT_FILE_FILENAME_FORMAT" desc="()" line="64">
        <counter type="INSTRUCTION" missed="0" covered="2" />
        <counter type="LINE" missed="0" covered="1" />
        <counter type="METHOD" missed="0" covered="1" />
      </method>
      <method name="DEFAULT_FILM_FILENAME_FORMAT" desc="()" line="68">
        <counter type="INSTRUCTION" missed="0" covered="2" />
        <counter type="LINE" missed="0" covered="1" />
        <counter type="METHOD" missed="0" covered="1" />
      </method>
      <method name="DEFAULT_SERIES_FILENAME_FORMAT" desc="()" line="72">
        <counter type="INSTRUCTION" missed="0" covered="2" />
        <counter type="LINE" missed="0" covered="1" />
        <counter type="METHOD" missed="0" covered="1" />
      </method>
      <method name="DEFAULT_TRACK_FILENAME_FORMAT" desc="()" line="76">
        <counter type="INSTRUCTION" missed="0" covered="2" />
        <counter type="LINE" missed="0" covered="1" />
        <counter type="METHOD" missed="0" covered="1" />
      </method>
      <method name="DEFAULT_ALBUMANDTRACK_FILENAME_FORMAT" desc="()" line="80">
        <counter type="INSTRUCTION" missed="0" covered="2" />
        <counter type="LINE" missed="0" covered="1" />
        <counter type="METHOD" missed="0" covered="1" />
      </method>
      <method name="DEFAULT_AUDIO_EXPORT_FORMAT" desc="()" line="84">
        <counter type="INSTRUCTION" missed="0" covered="2" />
        <counter type="LINE" missed="0" covered="1" />
        <counter type="METHOD" missed="0" covered="1" />
      </method>
      <method name="DEFAULT_VIDEO_EXPORT_FORMAT" desc="()" line="88">
        <counter type="INSTRUCTION" missed="0" covered="2" />
        <counter type="LINE" missed="0" covered="1" />
        <counter type="METHOD" missed="0" covered="1" />
      </method>
      <method name="DEFAULT_FILES_EXPORT_FORMAT" desc="()" line="92">
        <counter type="INSTRUCTION" missed="0" covered="2" />
        <counter type="LINE" missed="0" covered="1" />
        <counter type="METHOD" missed="0" covered="1" />
      </method>
      <method name="DEFAULT_CONFIG_EXPORT_FORMAT" desc="()" line="96">
        <counter type="INSTRUCTION" missed="0" covered="2" />
        <counter type="LINE" missed="0" covered="1" />
        <counter type="METHOD" missed="0" covered="1" />
      </method>
      <method name="DEFAULT_MODULE_FILETYPE" desc="()" line="100">
        <counter type="INSTRUCTION" missed="0" covered="1" />
        <counter type="LINE" missed="0" covered="1" />
        <counter type="METHOD" missed="0" covered="1" />
      </method>
      <method name="TOCONSOLE_MIN_INDENT" desc="()" line="104">
        <counter type="INSTRUCTION" missed="0" covered="1" />
        <counter type="LINE" missed="0" covered="1" />
        <counter type="METHOD" missed="0" covered="1" />
      </method>
      <method name="TOCONSOLE_TAB" desc="()" line="108">
        <counter type="INSTRUCTION" missed="0" covered="1" />
        <counter type="LINE" missed="0" covered="1" />
        <counter type="METHOD" missed="0" covered="1" />
      </method>
      <counter type="INSTRUCTION" missed="0" covered="32" />
      <counter type="LINE" missed="0" covered="19" />
      <counter type="METHOD" missed="0" covered="19" />
      <counter type="CLASS" missed="0" covered="1" />
    </class>
    <class name="Module/Using/ModuleBehaviour/PS.MCM.ModuleState.Abstract" sourcefilename="Using/ModuleBehaviour/PS.MCM.ModuleState.Abstract.psm1">
      <method name="&lt;script&gt;" desc="()" line="36">
        <counter type="INSTRUCTION" missed="2" covered="0" />
        <counter type="LINE" missed="2" covered="0" />
        <counter type="METHOD" missed="1" covered="0" />
      </method>
      <method name="MockConsoleReceiver" desc="()" line="60">
        <counter type="INSTRUCTION" missed="1" covered="4" />
        <counter type="LINE" missed="1" covered="4" />
        <counter type="METHOD" missed="0" covered="1" />
      </method>
      <method name="ResetMockConsole" desc="()" line="70">
        <counter type="INSTRUCTION" missed="0" covered="2" />
        <counter type="LINE" missed="0" covered="2" />
        <counter type="METHOD" missed="0" covered="1" />
      </method>
      <method name="SetTestingState" desc="()" line="75">
        <counter type="INSTRUCTION" missed="0" covered="2" />
        <counter type="LINE" missed="0" covered="2" />
        <counter type="METHOD" missed="0" covered="1" />
      </method>
      <method name="ClearTestingStates" desc="()" line="81">
        <counter type="INSTRUCTION" missed="0" covered="1" />
        <counter type="LINE" missed="0" covered="1" />
        <counter type="METHOD" missed="0" covered="1" />
      </method>
      <counter type="INSTRUCTION" missed="3" covered="9" />
      <counter type="LINE" missed="3" covered="9" />
      <counter type="METHOD" missed="1" covered="4" />
      <counter type="CLASS" missed="1" covered="0" />
    </class>
    <sourcefile name="Using/ModuleBehaviour/PS.MCM.ModuleSettings.Abstract.psm1">
      <line nr="36" mi="0" ci="2" mb="0" cb="0" />
      <line nr="40" mi="0" ci="2" mb="0" cb="0" />
      <line nr="44" mi="0" ci="2" mb="0" cb="0" />
      <line nr="48" mi="0" ci="1" mb="0" cb="0" />
      <line nr="52" mi="0" ci="1" mb="0" cb="0" />
      <line nr="56" mi="0" ci="1" mb="0" cb="0" />
      <line nr="60" mi="0" ci="2" mb="0" cb="0" />
      <line nr="64" mi="0" ci="2" mb="0" cb="0" />
      <line nr="68" mi="0" ci="2" mb="0" cb="0" />
      <line nr="72" mi="0" ci="2" mb="0" cb="0" />
      <line nr="76" mi="0" ci="2" mb="0" cb="0" />
      <line nr="80" mi="0" ci="2" mb="0" cb="0" />
      <line nr="84" mi="0" ci="2" mb="0" cb="0" />
      <line nr="88" mi="0" ci="2" mb="0" cb="0" />
      <line nr="92" mi="0" ci="2" mb="0" cb="0" />
      <line nr="96" mi="0" ci="2" mb="0" cb="0" />
      <line nr="100" mi="0" ci="1" mb="0" cb="0" />
      <line nr="104" mi="0" ci="1" mb="0" cb="0" />
      <line nr="108" mi="0" ci="1" mb="0" cb="0" />
      <counter type="INSTRUCTION" missed="0" covered="32" />
      <counter type="LINE" missed="0" covered="19" />
      <counter type="METHOD" missed="0" covered="19" />
      <counter type="CLASS" missed="0" covered="1" />
    </sourcefile>
    <sourcefile name="Using/ModuleBehaviour/PS.MCM.ModuleState.Abstract.psm1">
      <line nr="36" mi="1" ci="0" mb="0" cb="0" />
      <line nr="40" mi="1" ci="0" mb="0" cb="0" />
      <line nr="60" mi="0" ci="1" mb="0" cb="0" />
      <line nr="61" mi="1" ci="0" mb="0" cb="0" />
      <line nr="63" mi="0" ci="1" mb="0" cb="0" />
      <line nr="64" mi="0" ci="1" mb="0" cb="0" />
      <line nr="65" mi="0" ci="1" mb="0" cb="0" />
      <line nr="70" mi="0" ci="1" mb="0" cb="0" />
      <line nr="71" mi="0" ci="1" mb="0" cb="0" />
      <line nr="75" mi="0" ci="1" mb="0" cb="0" />
      <line nr="76" mi="0" ci="1" mb="0" cb="0" />
      <line nr="81" mi="0" ci="1" mb="0" cb="0" />
      <counter type="INSTRUCTION" missed="3" covered="9" />
      <counter type="LINE" missed="3" covered="9" />
      <counter type="METHOD" missed="1" covered="4" />
      <counter type="CLASS" missed="1" covered="0" />
    </sourcefile>
    <counter type="INSTRUCTION" missed="3" covered="41" />
    <counter type="LINE" missed="3" covered="28" />
    <counter type="METHOD" missed="1" covered="23" />
    <counter type="CLASS" missed="1" covered="1" />
  </package>
  <package name="Module/Using/ObjectModels">
    <class name="Module/Using/ObjectModels/PS.MCM.Actor.Class" sourcefilename="Using/ObjectModels/PS.MCM.Actor.Class.psm1">
      <method name="Actor" desc="()" line="27">
        <counter type="INSTRUCTION" missed="0" covered="4" />
        <counter type="LINE" missed="0" covered="4" />
        <counter type="METHOD" missed="0" covered="1" />
      </method>
      <method name="Init" desc="()" line="38">
        <counter type="INSTRUCTION" missed="1" covered="12" />
        <counter type="LINE" missed="1" covered="6" />
        <counter type="METHOD" missed="0" covered="1" />
      </method>
      <counter type="INSTRUCTION" missed="1" covered="16" />
      <counter type="LINE" missed="1" covered="10" />
      <counter type="METHOD" missed="0" covered="2" />
      <counter type="CLASS" missed="0" covered="1" />
    </class>
    <class name="Module/Using/ObjectModels/PS.MCM.Album.Class" sourcefilename="Using/ObjectModels/PS.MCM.Album.Class.psm1">
      <method name="Album" desc="()" line="28">
        <counter type="INSTRUCTION" missed="2" covered="4" />
        <counter type="LINE" missed="2" covered="4" />
        <counter type="METHOD" missed="0" covered="1" />
      </method>
      <method name="Init" desc="()" line="43">
        <counter type="INSTRUCTION" missed="8" covered="19" />
        <counter type="LINE" missed="3" covered="12" />
        <counter type="METHOD" missed="0" covered="1" />
      </method>
      <counter type="INSTRUCTION" missed="10" covered="23" />
      <counter type="LINE" missed="5" covered="16" />
      <counter type="METHOD" missed="0" covered="2" />
      <counter type="CLASS" missed="0" covered="1" />
    </class>
    <class name="Module/Using/ObjectModels/PS.MCM.Artist.Class" sourcefilename="Using/ObjectModels/PS.MCM.Artist.Class.psm1">
      <method name="Artist" desc="()" line="27">
        <counter type="INSTRUCTION" missed="0" covered="4" />
        <counter type="LINE" missed="0" covered="4" />
        <counter type="METHOD" missed="0" covered="1" />
      </method>
      <method name="Init" desc="()" line="38">
        <counter type="INSTRUCTION" missed="1" covered="12" />
        <counter type="LINE" missed="1" covered="6" />
        <counter type="METHOD" missed="0" covered="1" />
      </method>
      <counter type="INSTRUCTION" missed="1" covered="16" />
      <counter type="LINE" missed="1" covered="10" />
      <counter type="METHOD" missed="0" covered="2" />
      <counter type="CLASS" missed="0" covered="1" />
    </class>
    <class name="Module/Using/ObjectModels/PS.MCM.Content.Class" sourcefilename="Using/ObjectModels/PS.MCM.Content.Class.psm1">
      <method name="Content" desc="()" line="68">
        <counter type="INSTRUCTION" missed="0" covered="1" />
        <counter type="LINE" missed="0" covered="1" />
        <counter type="METHOD" missed="0" covered="1" />
      </method>
      <method name="Init" desc="()" line="77">
        <counter type="INSTRUCTION" missed="13" covered="127" />
        <counter type="LINE" missed="6" covered="103" />
        <counter type="METHOD" missed="0" covered="1" />
      </method>
      <method name="ToString" desc="()" line="258">
        <counter type="INSTRUCTION" missed="0" covered="1" />
        <counter type="LINE" missed="0" covered="1" />
        <counter type="METHOD" missed="0" covered="1" />
      </method>
      <method name="UpdateContentBaseName" desc="()" line="263">
        <counter type="INSTRUCTION" missed="2" covered="26" />
        <counter type="LINE" missed="2" covered="24" />
        <counter type="METHOD" missed="0" covered="1" />
      </method>
      <method name="UpdateFileName" desc="()" line="334">
        <counter type="INSTRUCTION" missed="1" covered="8" />
        <counter type="LINE" missed="1" covered="7" />
        <counter type="METHOD" missed="0" covered="1" />
      </method>
      <method name="FileExists" desc="()" line="352">
        <counter type="INSTRUCTION" missed="0" covered="1" />
        <counter type="LINE" missed="0" covered="1" />
        <counter type="METHOD" missed="0" covered="1" />
      </method>
      <method name="FillPropertiesWhereMissing" desc="()" line="356">
        <counter type="INSTRUCTION" missed="20" covered="21" />
        <counter type="LINE" missed="17" covered="16" />
        <counter type="METHOD" missed="0" covered="1" />
      </method>
      <method name="GenerateHashIfMissing" desc="()" line="443">
        <counter type="INSTRUCTION" missed="9" covered="8" />
        <counter type="LINE" missed="8" covered="7" />
        <counter type="METHOD" missed="0" covered="1" />
      </method>
      <method name="CheckFilesystemHash" desc="()" line="487">
        <counter type="INSTRUCTION" missed="4" covered="8" />
        <counter type="LINE" missed="4" covered="7" />
        <counter type="METHOD" missed="0" covered="1" />
      </method>
      <method name="AddWarning" desc="()" line="510">
        <counter type="INSTRUCTION" missed="0" covered="2" />
        <counter type="LINE" missed="0" covered="2" />
        <counter type="METHOD" missed="0" covered="1" />
      </method>
      <method name="ClearWarnings" desc="()" line="516">
        <counter type="INSTRUCTION" missed="0" covered="1" />
        <counter type="LINE" missed="0" covered="1" />
        <counter type="METHOD" missed="0" covered="1" />
      </method>
      <method name="GetCollectionByType" desc="()" line="524">
        <counter type="INSTRUCTION" missed="1" covered="11" />
        <counter type="LINE" missed="1" covered="11" />
        <counter type="METHOD" missed="0" covered="1" />
      </method>
      <counter type="INSTRUCTION" missed="50" covered="215" />
      <counter type="LINE" missed="39" covered="181" />
      <counter type="METHOD" missed="0" covered="12" />
      <counter type="CLASS" missed="0" covered="1" />
    </class>
    <class name="Module/Using/ObjectModels/PS.MCM.ContentModel.Class" sourcefilename="Using/ObjectModels/PS.MCM.ContentModel.Class.psm1">
      <method name="ContentModel" desc="()" line="48">
        <counter type="INSTRUCTION" missed="0" covered="1" />
        <counter type="LINE" missed="0" covered="1" />
        <counter type="METHOD" missed="0" covered="1" />
      </method>
      <method name="Init" desc="()" line="58">
        <counter type="INSTRUCTION" missed="0" covered="71" />
        <counter type="LINE" missed="0" covered="41" />
        <counter type="METHOD" missed="0" covered="1" />
      </method>
      <method name="Reset" desc="()" line="185">
        <counter type="INSTRUCTION" missed="0" covered="7" />
        <counter type="LINE" missed="0" covered="7" />
        <counter type="METHOD" missed="0" covered="1" />
      </method>
      <method name="Build" desc="()" line="198">
        <counter type="INSTRUCTION" missed="13" covered="22" />
        <counter type="LINE" missed="13" covered="16" />
        <counter type="METHOD" missed="1" covered="0" />
      </method>
      <method name="Rebuild" desc="()" line="266">
        <counter type="INSTRUCTION" missed="13" covered="45" />
        <counter type="LINE" missed="13" covered="39" />
        <counter type="METHOD" missed="1" covered="0" />
      </method>
      <method name="LoadIndex" desc="()" line="378">
        <counter type="INSTRUCTION" missed="9" covered="56" />
        <counter type="LINE" missed="9" covered="45" />
        <counter type="METHOD" missed="1" covered="0" />
      </method>
      <method name="SaveIndex" desc="()" line="501">
        <counter type="INSTRUCTION" missed="15" covered="28" />
        <counter type="LINE" missed="9" covered="14" />
        <counter type="METHOD" missed="1" covered="0" />
      </method>
      <method name="RemodelFilenameFormat" desc="()" line="561">
        <counter type="INSTRUCTION" missed="0" covered="16" />
        <counter type="LINE" missed="0" covered="12" />
        <counter type="METHOD" missed="0" covered="1" />
      </method>
      <method name="AlterActor" desc="()" line="583">
        <counter type="INSTRUCTION" missed="1" covered="1" />
        <counter type="LINE" missed="1" covered="1" />
        <counter type="METHOD" missed="0" covered="1" />
      </method>
      <method name="AlterAlbum" desc="()" line="699">
        <counter type="INSTRUCTION" missed="1" covered="1" />
        <counter type="LINE" missed="1" covered="1" />
        <counter type="METHOD" missed="0" covered="1" />
      </method>
      <method name="AlterArtist" desc="()" line="811">
        <counter type="INSTRUCTION" missed="1" covered="1" />
        <counter type="LINE" missed="1" covered="1" />
        <counter type="METHOD" missed="0" covered="1" />
      </method>
      <method name="AlterSeries" desc="()" line="927">
        <counter type="INSTRUCTION" missed="1" covered="1" />
        <counter type="LINE" missed="1" covered="1" />
        <counter type="METHOD" missed="0" covered="1" />
      </method>
      <method name="AlterStudio" desc="()" line="1039">
        <counter type="INSTRUCTION" missed="1" covered="1" />
        <counter type="LINE" missed="1" covered="1" />
        <counter type="METHOD" missed="0" covered="1" />
      </method>
      <method name="AlterSeasonEpisodeFormat" desc="()" line="1153">
        <counter type="INSTRUCTION" missed="3" covered="27" />
        <counter type="LINE" missed="3" covered="24" />
        <counter type="METHOD" missed="0" covered="1" />
      </method>
      <method name="AlterTrackFormat" desc="()" line="1209">
        <counter type="INSTRUCTION" missed="3" covered="26" />
        <counter type="LINE" missed="3" covered="24" />
        <counter type="METHOD" missed="0" covered="1" />
      </method>
      <method name="ApplyAllPendingFilenameChanges" desc="()" line="1266">
        <counter type="INSTRUCTION" missed="6" covered="0" />
        <counter type="LINE" missed="4" covered="0" />
        <counter type="METHOD" missed="1" covered="0" />
      </method>
      <method name="Summary" desc="()" line="1276">
        <counter type="INSTRUCTION" missed="0" covered="9" />
        <counter type="LINE" missed="0" covered="4" />
        <counter type="METHOD" missed="0" covered="1" />
      </method>
      <method name="AnalyseActorsForPossibleLabellingIssues" desc="()" line="1284">
        <counter type="INSTRUCTION" missed="1" covered="1" />
        <counter type="LINE" missed="1" covered="1" />
        <counter type="METHOD" missed="1" covered="0" />
      </method>
      <method name="AnalyseAlbumsForPossibleLabellingIssues" desc="()" line="1292">
        <counter type="INSTRUCTION" missed="2" covered="0" />
        <counter type="LINE" missed="2" covered="0" />
        <counter type="METHOD" missed="1" covered="0" />
      </method>
      <method name="AnalyseArtistsForPossibleLabellingIssues" desc="()" line="1300">
        <counter type="INSTRUCTION" missed="2" covered="0" />
        <counter type="LINE" missed="2" covered="0" />
        <counter type="METHOD" missed="1" covered="0" />
      </method>
      <method name="AnalyseSeriesForPossibleLabellingIssues" desc="()" line="1308">
        <counter type="INSTRUCTION" missed="2" covered="0" />
        <counter type="LINE" missed="2" covered="0" />
        <counter type="METHOD" missed="1" covered="0" />
      </method>
      <method name="AnalyseStudiosForPossibleLabellingIssues" desc="()" line="1316">
        <counter type="INSTRUCTION" missed="1" covered="1" />
        <counter type="LINE" missed="1" covered="1" />
        <counter type="METHOD" missed="1" covered="0" />
      </method>
      <method name="AddContentToModel" desc="()" line="1326">
        <counter type="INSTRUCTION" missed="5" covered="141" />
        <counter type="LINE" missed="5" covered="112" />
        <counter type="METHOD" missed="0" covered="1" />
      </method>
      <method name="RemoveContentFromModel" desc="()" line="1581">
        <counter type="INSTRUCTION" missed="19" covered="19" />
        <counter type="LINE" missed="19" covered="16" />
        <counter type="METHOD" missed="0" covered="1" />
      </method>
      <method name="GetCollectionByType" desc="()" line="1690">
        <counter type="INSTRUCTION" missed="1" covered="11" />
        <counter type="LINE" missed="1" covered="11" />
        <counter type="METHOD" missed="0" covered="1" />
      </method>
      <method name="Alter" desc="()" line="1720">
        <counter type="INSTRUCTION" missed="6" covered="128" />
        <counter type="LINE" missed="6" covered="100" />
        <counter type="METHOD" missed="0" covered="1" />
      </method>
      <method name="AnalysePossibleLabellingIssues" desc="()" line="1969">
        <counter type="INSTRUCTION" missed="30" covered="67" />
        <counter type="LINE" missed="26" covered="58" />
        <counter type="METHOD" missed="0" covered="1" />
      </method>
      <counter type="INSTRUCTION" missed="136" covered="681" />
      <counter type="LINE" missed="124" covered="531" />
      <counter type="METHOD" missed="10" covered="17" />
      <counter type="CLASS" missed="0" covered="1" />
    </class>
    <class name="Module/Using/ObjectModels/PS.MCM.ContentModelConfig.Class" sourcefilename="Using/ObjectModels/PS.MCM.ContentModelConfig.Class.psm1">
      <method name="ContentModelConfig" desc="()" line="38">
        <counter type="INSTRUCTION" missed="0" covered="2" />
        <counter type="LINE" missed="0" covered="2" />
        <counter type="METHOD" missed="0" covered="1" />
      </method>
      <method name="Init" desc="()" line="47">
        <counter type="INSTRUCTION" missed="0" covered="14" />
        <counter type="LINE" missed="0" covered="14" />
        <counter type="METHOD" missed="0" covered="1" />
      </method>
      <method name="OverrideIncludedExtensions" desc="()" line="80">
        <counter type="INSTRUCTION" missed="0" covered="3" />
        <counter type="LINE" missed="0" covered="3" />
        <counter type="METHOD" missed="0" covered="1" />
      </method>
      <method name="OverrideTagsToDecorate" desc="()" line="89">
        <counter type="INSTRUCTION" missed="0" covered="3" />
        <counter type="LINE" missed="0" covered="3" />
        <counter type="METHOD" missed="0" covered="1" />
      </method>
      <method name="OverrideFilenameFormat" desc="()" line="98">
        <counter type="INSTRUCTION" missed="0" covered="6" />
        <counter type="LINE" missed="0" covered="6" />
        <counter type="METHOD" missed="0" covered="1" />
      </method>
      <method name="OverrideFilenameSplitter" desc="()" line="113">
        <counter type="INSTRUCTION" missed="0" covered="4" />
        <counter type="LINE" missed="0" covered="4" />
        <counter type="METHOD" missed="0" covered="1" />
      </method>
      <method name="OverrideListSplitter" desc="()" line="123">
        <counter type="INSTRUCTION" missed="0" covered="4" />
        <counter type="LINE" missed="0" covered="4" />
        <counter type="METHOD" missed="0" covered="1" />
      </method>
      <method name="OverrideExportFormat" desc="()" line="133">
        <counter type="INSTRUCTION" missed="0" covered="4" />
        <counter type="LINE" missed="0" covered="4" />
        <counter type="METHOD" missed="0" covered="1" />
      </method>
      <method name="ConfigureForUnstructuredFiles" desc="()" line="143">
        <counter type="INSTRUCTION" missed="0" covered="6" />
        <counter type="LINE" missed="0" covered="6" />
        <counter type="METHOD" missed="0" covered="1" />
      </method>
      <method name="ConfigureForFilm" desc="()" line="152">
        <counter type="INSTRUCTION" missed="0" covered="8" />
        <counter type="LINE" missed="0" covered="8" />
        <counter type="METHOD" missed="0" covered="1" />
      </method>
      <method name="ConfigureForShortFilm" desc="()" line="166">
        <counter type="INSTRUCTION" missed="0" covered="8" />
        <counter type="LINE" missed="0" covered="8" />
        <counter type="METHOD" missed="0" covered="1" />
      </method>
      <method name="ConfigureForSeries" desc="()" line="180">
        <counter type="INSTRUCTION" missed="1" covered="7" />
        <counter type="LINE" missed="1" covered="7" />
        <counter type="METHOD" missed="0" covered="1" />
      </method>
      <method name="ConfigureForTrack" desc="()" line="194">
        <counter type="INSTRUCTION" missed="0" covered="8" />
        <counter type="LINE" missed="0" covered="8" />
        <counter type="METHOD" missed="0" covered="1" />
      </method>
      <method name="ConfigureForAlbumAndTrack" desc="()" line="208">
        <counter type="INSTRUCTION" missed="0" covered="8" />
        <counter type="LINE" missed="0" covered="8" />
        <counter type="METHOD" missed="0" covered="1" />
      </method>
      <method name="DisplayConfig" desc="()" line="222">
        <counter type="INSTRUCTION" missed="0" covered="23" />
        <counter type="LINE" missed="0" covered="7" />
        <counter type="METHOD" missed="0" covered="1" />
      </method>
      <method name="LockFilenameFormat" desc="()" line="232">
        <counter type="INSTRUCTION" missed="0" covered="1" />
        <counter type="LINE" missed="0" covered="1" />
        <counter type="METHOD" missed="0" covered="1" />
      </method>
      <counter type="INSTRUCTION" missed="1" covered="109" />
      <counter type="LINE" missed="1" covered="93" />
      <counter type="METHOD" missed="0" covered="16" />
      <counter type="CLASS" missed="0" covered="1" />
    </class>
    <class name="Module/Using/ObjectModels/PS.MCM.ContentSubject.Class" sourcefilename="Using/ObjectModels/PS.MCM.ContentSubject.Class.psm1">
      <method name="ContentSubject" desc="()" line="29">
        <counter type="INSTRUCTION" missed="0" covered="2" />
        <counter type="LINE" missed="0" covered="2" />
        <counter type="METHOD" missed="0" covered="1" />
      </method>
      <method name="ContentSubjectInit" desc="()" line="38">
        <counter type="INSTRUCTION" missed="0" covered="11" />
        <counter type="LINE" missed="0" covered="6" />
        <counter type="METHOD" missed="0" covered="1" />
      </method>
      <method name="ToString" desc="()" line="59">
        <counter type="INSTRUCTION" missed="0" covered="1" />
        <counter type="LINE" missed="0" covered="1" />
        <counter type="METHOD" missed="0" covered="1" />
      </method>
      <method name="GetRelatedContent" desc="()" line="63">
        <counter type="INSTRUCTION" missed="0" covered="1" />
        <counter type="LINE" missed="0" covered="1" />
        <counter type="METHOD" missed="0" covered="1" />
      </method>
      <counter type="INSTRUCTION" missed="0" covered="15" />
      <counter type="LINE" missed="0" covered="10" />
      <counter type="METHOD" missed="0" covered="4" />
      <counter type="CLASS" missed="0" covered="1" />
    </class>
    <class name="Module/Using/ObjectModels/PS.MCM.Series.Class" sourcefilename="Using/ObjectModels/PS.MCM.Series.Class.psm1">
      <method name="Series" desc="()" line="28">
        <counter type="INSTRUCTION" missed="2" covered="4" />
        <counter type="LINE" missed="2" covered="4" />
        <counter type="METHOD" missed="0" covered="1" />
      </method>
      <method name="Init" desc="()" line="43">
        <counter type="INSTRUCTION" missed="8" covered="19" />
        <counter type="LINE" missed="3" covered="12" />
        <counter type="METHOD" missed="0" covered="1" />
      </method>
      <counter type="INSTRUCTION" missed="10" covered="23" />
      <counter type="LINE" missed="5" covered="16" />
      <counter type="METHOD" missed="0" covered="2" />
      <counter type="CLASS" missed="0" covered="1" />
    </class>
    <class name="Module/Using/ObjectModels/PS.MCM.Studio.Class" sourcefilename="Using/ObjectModels/PS.MCM.Studio.Class.psm1">
      <method name="Studio" desc="()" line="29">
        <counter type="INSTRUCTION" missed="0" covered="6" />
        <counter type="LINE" missed="0" covered="6" />
        <counter type="METHOD" missed="0" covered="1" />
      </method>
      <method name="Init" desc="()" line="44">
        <counter type="INSTRUCTION" missed="15" covered="25" />
        <counter type="LINE" missed="5" covered="17" />
        <counter type="METHOD" missed="0" covered="1" />
      </method>
      <counter type="INSTRUCTION" missed="15" covered="31" />
      <counter type="LINE" missed="5" covered="23" />
      <counter type="METHOD" missed="0" covered="2" />
      <counter type="CLASS" missed="0" covered="1" />
    </class>
    <sourcefile name="Using/ObjectModels/PS.MCM.Actor.Class.psm1">
      <line nr="27" mi="0" ci="1" mb="0" cb="0" />
      <line nr="28" mi="0" ci="1" mb="0" cb="0" />
      <line nr="31" mi="0" ci="1" mb="0" cb="0" />
      <line nr="32" mi="0" ci="1" mb="0" cb="0" />
      <line nr="38" mi="0" ci="2" mb="0" cb="0" />
      <line nr="39" mi="1" ci="0" mb="0" cb="0" />
      <line nr="43" mi="0" ci="2" mb="0" cb="0" />
      <line nr="46" mi="0" ci="2" mb="0" cb="0" />
      <line nr="47" mi="0" ci="2" mb="0" cb="0" />
      <line nr="48" mi="0" ci="2" mb="0" cb="0" />
      <line nr="49" mi="0" ci="2" mb="0" cb="0" />
[...]
      <line nr="1772" mi="0" ci="1" mb="0" cb="0" />
      <line nr="1776" mi="0" ci="1" mb="0" cb="0" />
      <line nr="1778" mi="0" ci="1" mb="0" cb="0" />
      <line nr="1781" mi="0" ci="1" mb="0" cb="0" />
      <line nr="1784" mi="0" ci="3" mb="0" cb="0" />
      <line nr="1787" mi="0" ci="1" mb="0" cb="0" />
      <line nr="1788" mi="0" ci="2" mb="0" cb="0" />
      <line nr="1791" mi="0" ci="3" mb="0" cb="0" />
      <line nr="1792" mi="0" ci="1" mb="0" cb="0" />
      <line nr="1793" mi="0" ci="1" mb="0" cb="0" />
      <line nr="1798" mi="0" ci="1" mb="0" cb="0" />
      <line nr="1802" mi="0" ci="2" mb="0" cb="0" />
      <line nr="1805" mi="0" ci="1" mb="0" cb="0" />
      <line nr="1806" mi="0" ci="1" mb="0" cb="0" />
      <line nr="1807" mi="0" ci="3" mb="0" cb="0" />
      <line nr="1808" mi="0" ci="1" mb="0" cb="0" />
      <line nr="1810" mi="0" ci="1" mb="0" cb="0" />
      <line nr="1811" mi="0" ci="1" mb="0" cb="0" />
      <line nr="1814" mi="0" ci="1" mb="0" cb="0" />
      <line nr="1817" mi="0" ci="1" mb="0" cb="0" />
      <line nr="1818" mi="0" ci="1" mb="0" cb="0" />
      <line nr="1826" mi="0" ci="1" mb="0" cb="0" />
      <line nr="1829" mi="0" ci="1" mb="0" cb="0" />
      <line nr="1834" mi="0" ci="2" mb="0" cb="0" />
      <line nr="1837" mi="0" ci="1" mb="0" cb="0" />
      <line nr="1838" mi="0" ci="1" mb="0" cb="0" />
      <line nr="1839" mi="0" ci="3" mb="0" cb="0" />
      <line nr="1840" mi="0" ci="1" mb="0" cb="0" />
      <line nr="1842" mi="0" ci="1" mb="0" cb="0" />
      <line nr="1843" mi="0" ci="1" mb="0" cb="0" />
      <line nr="1846" mi="0" ci="1" mb="0" cb="0" />
      <line nr="1849" mi="0" ci="1" mb="0" cb="0" />
      <line nr="1850" mi="0" ci="1" mb="0" cb="0" />
      <line nr="1858" mi="0" ci="1" mb="0" cb="0" />
      <line nr="1861" mi="0" ci="1" mb="0" cb="0" />
      <line nr="1866" mi="0" ci="2" mb="0" cb="0" />
      <line nr="1869" mi="0" ci="1" mb="0" cb="0" />
      <line nr="1870" mi="0" ci="1" mb="0" cb="0" />
      <line nr="1871" mi="0" ci="3" mb="0" cb="0" />
      <line nr="1872" mi="0" ci="1" mb="0" cb="0" />
      <line nr="1874" mi="0" ci="1" mb="0" cb="0" />
      <line nr="1875" mi="0" ci="1" mb="0" cb="0" />
      <line nr="1878" mi="0" ci="1" mb="0" cb="0" />
      <line nr="1881" mi="0" ci="1" mb="0" cb="0" />
      <line nr="1882" mi="0" ci="1" mb="0" cb="0" />
      <line nr="1890" mi="0" ci="1" mb="0" cb="0" />
      <line nr="1891" mi="0" ci="1" mb="0" cb="0" />
      <line nr="1892" mi="0" ci="3" mb="0" cb="0" />
      <line nr="1893" mi="0" ci="1" mb="0" cb="0" />
      <line nr="1895" mi="0" ci="1" mb="0" cb="0" />
      <line nr="1896" mi="0" ci="1" mb="0" cb="0" />
      <line nr="1899" mi="0" ci="1" mb="0" cb="0" />
      <line nr="1902" mi="0" ci="1" mb="0" cb="0" />
      <line nr="1903" mi="0" ci="1" mb="0" cb="0" />
      <line nr="1911" mi="0" ci="1" mb="0" cb="0" />
      <line nr="1914" mi="0" ci="1" mb="0" cb="0" />
      <line nr="1921" mi="1" ci="0" mb="0" cb="0" />
      <line nr="1922" mi="1" ci="0" mb="0" cb="0" />
      <line nr="1928" mi="0" ci="1" mb="0" cb="0" />
      <line nr="1929" mi="0" ci="1" mb="0" cb="0" />
      <line nr="1932" mi="0" ci="1" mb="0" cb="0" />
      <line nr="1933" mi="1" ci="0" mb="0" cb="0" />
      <line nr="1934" mi="1" ci="0" mb="0" cb="0" />
      <line nr="1938" mi="0" ci="1" mb="0" cb="0" />
      <line nr="1942" mi="0" ci="3" mb="0" cb="0" />
      <line nr="1944" mi="0" ci="1" mb="0" cb="0" />
      <line nr="1946" mi="0" ci="1" mb="0" cb="0" />
      <line nr="1950" mi="0" ci="1" mb="0" cb="0" />
      <line nr="1951" mi="0" ci="1" mb="0" cb="0" />
      <line nr="1952" mi="0" ci="1" mb="0" cb="0" />
      <line nr="1953" mi="0" ci="1" mb="0" cb="0" />
      <line nr="1954" mi="0" ci="1" mb="0" cb="0" />
      <line nr="1955" mi="0" ci="1" mb="0" cb="0" />
      <line nr="1957" mi="0" ci="1" mb="0" cb="0" />
      <line nr="1958" mi="0" ci="1" mb="0" cb="0" />
      <line nr="1959" mi="0" ci="1" mb="0" cb="0" />
      <line nr="1960" mi="0" ci="1" mb="0" cb="0" />
      <line nr="1961" mi="0" ci="1" mb="0" cb="0" />
      <line nr="1962" mi="0" ci="1" mb="0" cb="0" />
      <line nr="1964" mi="0" ci="1" mb="0" cb="0" />
      <line nr="1969" mi="0" ci="1" mb="0" cb="0" />
      <line nr="1970" mi="0" ci="1" mb="0" cb="0" />
      <line nr="1973" mi="0" ci="1" mb="0" cb="0" />
      <line nr="1974" mi="0" ci="1" mb="0" cb="0" />
      <line nr="1975" mi="0" ci="1" mb="0" cb="0" />
      <line nr="1976" mi="0" ci="1" mb="0" cb="0" />
      <line nr="1979" mi="0" ci="1" mb="0" cb="0" />
      <line nr="1980" mi="1" ci="0" mb="0" cb="0" />
      <line nr="1981" mi="1" ci="0" mb="0" cb="0" />
      <line nr="1984" mi="0" ci="1" mb="0" cb="0" />
      <line nr="1985" mi="1" ci="0" mb="0" cb="0" />
      <line nr="1986" mi="1" ci="0" mb="0" cb="0" />
      <line nr="1989" mi="0" ci="1" mb="0" cb="0" />
      <line nr="1990" mi="1" ci="0" mb="0" cb="0" />
      <line nr="1991" mi="1" ci="0" mb="0" cb="0" />
      <line nr="1994" mi="0" ci="1" mb="0" cb="0" />
      <line nr="1995" mi="0" ci="1" mb="0" cb="0" />
      <line nr="1996" mi="0" ci="1" mb="0" cb="0" />
      <line nr="2000" mi="1" ci="0" mb="0" cb="0" />
      <line nr="2001" mi="1" ci="0" mb="0" cb="0" />
      <line nr="2006" mi="0" ci="1" mb="0" cb="0" />
      <line nr="2007" mi="0" ci="1" mb="0" cb="0" />
      <line nr="2008" mi="0" ci="1" mb="0" cb="0" />
      <line nr="2009" mi="0" ci="1" mb="0" cb="0" />
      <line nr="2010" mi="0" ci="1" mb="0" cb="0" />
      <line nr="2011" mi="0" ci="1" mb="0" cb="0" />
      <line nr="2012" mi="0" ci="1" mb="0" cb="0" />
      <line nr="2013" mi="0" ci="1" mb="0" cb="0" />
      <line nr="2016" mi="0" ci="1" mb="0" cb="0" />
      <line nr="2019" mi="0" ci="1" mb="0" cb="0" />
      <line nr="2020" mi="0" ci="1" mb="0" cb="0" />
      <line nr="2021" mi="0" ci="1" mb="0" cb="0" />
      <line nr="2022" mi="0" ci="1" mb="0" cb="0" />
      <line nr="2023" mi="0" ci="1" mb="0" cb="0" />
      <line nr="2024" mi="0" ci="1" mb="0" cb="0" />
      <line nr="2025" mi="0" ci="1" mb="0" cb="0" />
      <line nr="2028" mi="0" ci="1" mb="0" cb="0" />
      <line nr="2030" mi="0" ci="1" mb="0" cb="0" />
      <line nr="2033" mi="0" ci="1" mb="0" cb="0" />
      <line nr="2034" mi="0" ci="3" mb="0" cb="0" />
      <line nr="2036" mi="0" ci="2" mb="0" cb="0" />
      <line nr="2037" mi="0" ci="1" mb="0" cb="0" />
      <line nr="2038" mi="0" ci="1" mb="0" cb="0" />
      <line nr="2041" mi="0" ci="2" mb="0" cb="0" />
      <line nr="2042" mi="0" ci="1" mb="0" cb="0" />
      <line nr="2045" mi="0" ci="1" mb="0" cb="0" />
      <line nr="2046" mi="1" ci="0" mb="0" cb="0" />
      <line nr="2047" mi="1" ci="0" mb="0" cb="0" />
      <line nr="2049" mi="0" ci="1" mb="0" cb="0" />
      <line nr="2050" mi="1" ci="0" mb="0" cb="0" />
      <line nr="2051" mi="1" ci="0" mb="0" cb="0" />
      <line nr="2054" mi="0" ci="1" mb="0" cb="0" />
      <line nr="2057" mi="0" ci="1" mb="0" cb="0" />
      <line nr="2060" mi="0" ci="1" mb="0" cb="0" />
      <line nr="2062" mi="0" ci="2" mb="0" cb="0" />
      <line nr="2063" mi="0" ci="1" mb="0" cb="0" />
      <line nr="2064" mi="0" ci="1" mb="0" cb="0" />
      <line nr="2067" mi="0" ci="2" mb="0" cb="0" />
      <line nr="2068" mi="0" ci="1" mb="0" cb="0" />
      <line nr="2071" mi="0" ci="1" mb="0" cb="0" />
      <line nr="2072" mi="1" ci="0" mb="0" cb="0" />
      <line nr="2073" mi="1" ci="0" mb="0" cb="0" />
      <line nr="2075" mi="0" ci="1" mb="0" cb="0" />
      <line nr="2076" mi="1" ci="0" mb="0" cb="0" />
      <line nr="2077" mi="1" ci="0" mb="0" cb="0" />
      <line nr="2081" mi="0" ci="1" mb="0" cb="0" />
      <line nr="2085" mi="0" ci="1" mb="0" cb="0" />
      <line nr="2086" mi="0" ci="2" mb="0" cb="0" />
      <line nr="2087" mi="0" ci="1" mb="0" cb="0" />
      <line nr="2089" mi="1" ci="0" mb="0" cb="0" />
      <line nr="2090" mi="2" ci="0" mb="0" cb="0" />
      <line nr="2091" mi="1" ci="0" mb="0" cb="0" />
      <line nr="2094" mi="2" ci="0" mb="0" cb="0" />
      <line nr="2095" mi="1" ci="0" mb="0" cb="0" />
      <line nr="2098" mi="0" ci="1" mb="0" cb="0" />
      <line nr="2099" mi="2" ci="0" mb="0" cb="0" />
      <line nr="2100" mi="1" ci="0" mb="0" cb="0" />
      <line nr="2103" mi="0" ci="1" mb="0" cb="0" />
      <line nr="2104" mi="2" ci="0" mb="0" cb="0" />
      <line nr="2105" mi="1" ci="0" mb="0" cb="0" />
      <line nr="2108" mi="0" ci="1" mb="0" cb="0" />
      <line nr="2111" mi="0" ci="1" mb="0" cb="0" />
      <line nr="2112" mi="0" ci="3" mb="0" cb="0" />
      <line nr="2115" mi="1" ci="0" mb="0" cb="0" />
      <counter type="INSTRUCTION" missed="136" covered="681" />
      <counter type="LINE" missed="124" covered="531" />
      <counter type="METHOD" missed="10" covered="17" />
      <counter type="CLASS" missed="0" covered="1" />
    </sourcefile>
    <sourcefile name="Using/ObjectModels/PS.MCM.ContentModelConfig.Class.psm1">
      <line nr="38" mi="0" ci="1" mb="0" cb="0" />
      <line nr="39" mi="0" ci="1" mb="0" cb="0" />
      <line nr="47" mi="0" ci="1" mb="0" cb="0" />
      <line nr="48" mi="0" ci="1" mb="0" cb="0" />
      <line nr="51" mi="0" ci="1" mb="0" cb="0" />
      <line nr="52" mi="0" ci="1" mb="0" cb="0" />
      <line nr="55" mi="0" ci="1" mb="0" cb="0" />
      <line nr="56" mi="0" ci="1" mb="0" cb="0" />
      <line nr="59" mi="0" ci="1" mb="0" cb="0" />
      <line nr="60" mi="0" ci="1" mb="0" cb="0" />
      <line nr="63" mi="0" ci="1" mb="0" cb="0" />
      <line nr="64" mi="0" ci="1" mb="0" cb="0" />
      <line nr="67" mi="0" ci="1" mb="0" cb="0" />
      <line nr="68" mi="0" ci="1" mb="0" cb="0" />
      <line nr="71" mi="0" ci="1" mb="0" cb="0" />
      <line nr="72" mi="0" ci="1" mb="0" cb="0" />
      <line nr="80" mi="0" ci="1" mb="0" cb="0" />
      <line nr="81" mi="0" ci="1" mb="0" cb="0" />
      <line nr="84" mi="0" ci="1" mb="0" cb="0" />
      <line nr="89" mi="0" ci="1" mb="0" cb="0" />
      <line nr="90" mi="0" ci="1" mb="0" cb="0" />
      <line nr="93" mi="0" ci="1" mb="0" cb="0" />
      <line nr="98" mi="0" ci="1" mb="0" cb="0" />
      <line nr="99" mi="0" ci="1" mb="0" cb="0" />
      <line nr="103" mi="0" ci="1" mb="0" cb="0" />
      <line nr="104" mi="0" ci="1" mb="0" cb="0" />
      <line nr="105" mi="0" ci="1" mb="0" cb="0" />
      <line nr="108" mi="0" ci="1" mb="0" cb="0" />
      <line nr="113" mi="0" ci="1" mb="0" cb="0" />
      <line nr="114" mi="0" ci="1" mb="0" cb="0" />
      <line nr="115" mi="0" ci="1" mb="0" cb="0" />
      <line nr="118" mi="0" ci="1" mb="0" cb="0" />
      <line nr="123" mi="0" ci="1" mb="0" cb="0" />
      <line nr="124" mi="0" ci="1" mb="0" cb="0" />
      <line nr="125" mi="0" ci="1" mb="0" cb="0" />
      <line nr="128" mi="0" ci="1" mb="0" cb="0" />
      <line nr="133" mi="0" ci="1" mb="0" cb="0" />
      <line nr="134" mi="0" ci="1" mb="0" cb="0" />
      <line nr="135" mi="0" ci="1" mb="0" cb="0" />
      <line nr="138" mi="0" ci="1" mb="0" cb="0" />
      <line nr="143" mi="0" ci="1" mb="0" cb="0" />
      <line nr="144" mi="0" ci="1" mb="0" cb="0" />
      <line nr="145" mi="0" ci="1" mb="0" cb="0" />
      <line nr="146" mi="0" ci="1" mb="0" cb="0" />
      <line nr="147" mi="0" ci="1" mb="0" cb="0" />
      <line nr="148" mi="0" ci="1" mb="0" cb="0" />
      <line nr="152" mi="0" ci="1" mb="0" cb="0" />
      <line nr="153" mi="0" ci="1" mb="0" cb="0" />
      <line nr="157" mi="0" ci="1" mb="0" cb="0" />
      <line nr="158" mi="0" ci="1" mb="0" cb="0" />
      <line nr="159" mi="0" ci="1" mb="0" cb="0" />
      <line nr="160" mi="0" ci="1" mb="0" cb="0" />
      <line nr="161" mi="0" ci="1" mb="0" cb="0" />
      <line nr="162" mi="0" ci="1" mb="0" cb="0" />
      <line nr="166" mi="0" ci="1" mb="0" cb="0" />
      <line nr="167" mi="0" ci="1" mb="0" cb="0" />
      <line nr="171" mi="0" ci="1" mb="0" cb="0" />
      <line nr="172" mi="0" ci="1" mb="0" cb="0" />
      <line nr="173" mi="0" ci="1" mb="0" cb="0" />
      <line nr="174" mi="0" ci="1" mb="0" cb="0" />
      <line nr="175" mi="0" ci="1" mb="0" cb="0" />
      <line nr="176" mi="0" ci="1" mb="0" cb="0" />
      <line nr="180" mi="0" ci="1" mb="0" cb="0" />
      <line nr="181" mi="1" ci="0" mb="0" cb="0" />
      <line nr="185" mi="0" ci="1" mb="0" cb="0" />
      <line nr="186" mi="0" ci="1" mb="0" cb="0" />
      <line nr="187" mi="0" ci="1" mb="0" cb="0" />
      <line nr="188" mi="0" ci="1" mb="0" cb="0" />
      <line nr="189" mi="0" ci="1" mb="0" cb="0" />
      <line nr="190" mi="0" ci="1" mb="0" cb="0" />
      <line nr="194" mi="0" ci="1" mb="0" cb="0" />
      <line nr="195" mi="0" ci="1" mb="0" cb="0" />
      <line nr="199" mi="0" ci="1" mb="0" cb="0" />
      <line nr="200" mi="0" ci="1" mb="0" cb="0" />
      <line nr="201" mi="0" ci="1" mb="0" cb="0" />
      <line nr="202" mi="0" ci="1" mb="0" cb="0" />
      <line nr="203" mi="0" ci="1" mb="0" cb="0" />
      <line nr="204" mi="0" ci="1" mb="0" cb="0" />
      <line nr="208" mi="0" ci="1" mb="0" cb="0" />
      <line nr="209" mi="0" ci="1" mb="0" cb="0" />
      <line nr="213" mi="0" ci="1" mb="0" cb="0" />
      <line nr="214" mi="0" ci="1" mb="0" cb="0" />
      <line nr="215" mi="0" ci="1" mb="0" cb="0" />
      <line nr="216" mi="0" ci="1" mb="0" cb="0" />
      <line nr="217" mi="0" ci="1" mb="0" cb="0" />
      <line nr="218" mi="0" ci="1" mb="0" cb="0" />
      <line nr="222" mi="0" ci="3" mb="0" cb="0" />
      <line nr="223" mi="0" ci="3" mb="0" cb="0" />
      <line nr="224" mi="0" ci="5" mb="0" cb="0" />
      <line nr="225" mi="0" ci="2" mb="0" cb="0" />
      <line nr="226" mi="0" ci="2" mb="0" cb="0" />
      <line nr="227" mi="0" ci="4" mb="0" cb="0" />
      <line nr="228" mi="0" ci="4" mb="0" cb="0" />
      <line nr="232" mi="0" ci="1" mb="0" cb="0" />
      <counter type="INSTRUCTION" missed="1" covered="109" />
      <counter type="LINE" missed="1" covered="93" />
      <counter type="METHOD" missed="0" covered="16" />
      <counter type="CLASS" missed="0" covered="1" />
    </sourcefile>
    <sourcefile name="Using/ObjectModels/PS.MCM.ContentSubject.Class.psm1">
      <line nr="29" mi="0" ci="1" mb="0" cb="0" />
      <line nr="33" mi="0" ci="1" mb="0" cb="0" />
      <line nr="38" mi="0" ci="1" mb="0" cb="0" />
      <line nr="41" mi="0" ci="1" mb="0" cb="0" />
      <line nr="44" mi="0" ci="1" mb="0" cb="0" />
      <line nr="46" mi="0" ci="3" mb="0" cb="0" />
      <line nr="49" mi="0" ci="1" mb="0" cb="0" />
      <line nr="51" mi="0" ci="4" mb="0" cb="0" />
      <line nr="59" mi="0" ci="1" mb="0" cb="0" />
      <line nr="63" mi="0" ci="1" mb="0" cb="0" />
      <counter type="INSTRUCTION" missed="0" covered="15" />
      <counter type="LINE" missed="0" covered="10" />
      <counter type="METHOD" missed="0" covered="4" />
      <counter type="CLASS" missed="0" covered="1" />
    </sourcefile>
    <sourcefile name="Using/ObjectModels/PS.MCM.Series.Class.psm1">
      <line nr="28" mi="0" ci="1" mb="0" cb="0" />
      <line nr="29" mi="0" ci="1" mb="0" cb="0" />
      <line nr="32" mi="1" ci="0" mb="0" cb="0" />
      <line nr="33" mi="1" ci="0" mb="0" cb="0" />
      <line nr="36" mi="0" ci="1" mb="0" cb="0" />
      <line nr="37" mi="0" ci="1" mb="0" cb="0" />
      <line nr="43" mi="0" ci="2" mb="0" cb="0" />
      <line nr="44" mi="1" ci="0" mb="0" cb="0" />
      <line nr="48" mi="0" ci="2" mb="0" cb="0" />
      <line nr="51" mi="0" ci="1" mb="0" cb="0" />
      <line nr="54" mi="0" ci="1" mb="0" cb="0" />
      <line nr="57" mi="0" ci="1" mb="0" cb="0" />
      <line nr="59" mi="3" ci="0" mb="0" cb="0" />
      <line nr="62" mi="0" ci="1" mb="0" cb="0" />
      <line nr="64" mi="4" ci="0" mb="0" cb="0" />
      <line nr="69" mi="0" ci="2" mb="0" cb="0" />
      <line nr="70" mi="0" ci="2" mb="0" cb="0" />
      <line nr="71" mi="0" ci="1" mb="0" cb="0" />
      <line nr="72" mi="0" ci="2" mb="0" cb="0" />
      <line nr="73" mi="0" ci="2" mb="0" cb="0" />
      <line nr="74" mi="0" ci="2" mb="0" cb="0" />
      <counter type="INSTRUCTION" missed="10" covered="23" />
      <counter type="LINE" missed="5" covered="16" />
      <counter type="METHOD" missed="0" covered="2" />
      <counter type="CLASS" missed="0" covered="1" />
    </sourcefile>
    <sourcefile name="Using/ObjectModels/PS.MCM.Studio.Class.psm1">
      <line nr="29" mi="0" ci="1" mb="0" cb="0" />
      <line nr="30" mi="0" ci="1" mb="0" cb="0" />
      <line nr="33" mi="0" ci="1" mb="0" cb="0" />
      <line nr="34" mi="0" ci="1" mb="0" cb="0" />
      <line nr="37" mi="0" ci="1" mb="0" cb="0" />
      <line nr="38" mi="0" ci="1" mb="0" cb="0" />
      <line nr="44" mi="0" ci="2" mb="0" cb="0" />
      <line nr="45" mi="1" ci="0" mb="0" cb="0" />
      <line nr="49" mi="0" ci="2" mb="0" cb="0" />
      <line nr="52" mi="0" ci="1" mb="0" cb="0" />
      <line nr="55" mi="0" ci="1" mb="0" cb="0" />
      <line nr="58" mi="0" ci="1" mb="0" cb="0" />
      <line nr="60" mi="3" ci="0" mb="0" cb="0" />
      <line nr="63" mi="0" ci="1" mb="0" cb="0" />
      <line nr="65" mi="4" ci="0" mb="0" cb="0" />
      <line nr="70" mi="0" ci="1" mb="0" cb="0" />
      <line nr="73" mi="0" ci="1" mb="0" cb="0" />
      <line nr="76" mi="0" ci="1" mb="0" cb="0" />
      <line nr="78" mi="3" ci="0" mb="0" cb="0" />
      <line nr="81" mi="0" ci="1" mb="0" cb="0" />
      <line nr="83" mi="4" ci="0" mb="0" cb="0" />
      <line nr="88" mi="0" ci="2" mb="0" cb="0" />
      <line nr="89" mi="0" ci="2" mb="0" cb="0" />
      <line nr="90" mi="0" ci="2" mb="0" cb="0" />
      <line nr="91" mi="0" ci="1" mb="0" cb="0" />
      <line nr="92" mi="0" ci="2" mb="0" cb="0" />
      <line nr="93" mi="0" ci="2" mb="0" cb="0" />
      <line nr="94" mi="0" ci="2" mb="0" cb="0" />
      <counter type="INSTRUCTION" missed="15" covered="31" />
      <counter type="LINE" missed="5" covered="23" />
      <counter type="METHOD" missed="0" covered="2" />
      <counter type="CLASS" missed="0" covered="1" />
    </sourcefile>
    <counter type="INSTRUCTION" missed="224" covered="1129" />
    <counter type="LINE" missed="181" covered="890" />
    <counter type="METHOD" missed="10" covered="59" />
    <counter type="CLASS" missed="0" covered="9" />
  </package>
  <package name="Module">
    <class name="Module/PS.MediaContentManagement" sourcefilename="PS.MediaContentManagement.psm1">
      <method name="&lt;script&gt;" desc="()" line="24">
        <counter type="INSTRUCTION" missed="2" covered="8" />
        <counter type="LINE" missed="1" covered="5" />
        <counter type="METHOD" missed="0" covered="1" />
      </method>
      <counter type="INSTRUCTION" missed="2" covered="8" />
      <counter type="LINE" missed="1" covered="5" />
      <counter type="METHOD" missed="0" covered="1" />
      <counter type="CLASS" missed="0" covered="1" />
    </class>
    <sourcefile name="PS.MediaContentManagement.psm1">
      <line nr="24" mi="0" ci="2" mb="0" cb="0" />
      <line nr="25" mi="0" ci="2" mb="0" cb="0" />
      <line nr="28" mi="0" ci="2" mb="0" cb="0" />
      <line nr="30" mi="0" ci="1" mb="0" cb="0" />
      <line nr="33" mi="2" ci="0" mb="0" cb="0" />
      <line nr="45" mi="0" ci="1" mb="0" cb="0" />
      <counter type="INSTRUCTION" missed="2" covered="8" />
      <counter type="LINE" missed="1" covered="5" />
      <counter type="METHOD" missed="0" covered="1" />
      <counter type="CLASS" missed="0" covered="1" />
    </sourcefile>
    <counter type="INSTRUCTION" missed="2" covered="8" />
    <counter type="LINE" missed="1" covered="5" />
    <counter type="METHOD" missed="0" covered="1" />
    <counter type="CLASS" missed="0" covered="1" />
  </package>
  <counter type="INSTRUCTION" missed="299" covered="1778" />
  <counter type="LINE" missed="226" covered="1340" />
  <counter type="METHOD" missed="13" covered="118" />
  <counter type="CLASS" missed="3" covered="33" />
</report>
